cuda@node2:/opt/python-meep-install-master$ sudo ./python-meep-install.sh | tee your-system-version.log
tee: your-system-version.log: Permission denied
[sudo] password for cuda: 
./python-meep-install.sh: 1: ./python-meep-install.sh: j!/bin/bash: not found
Reading package lists...
Building dependency tree...
Reading state information...
autoconf is already the newest version.
chrpath is already the newest version.
debhelper is already the newest version.
libtool is already the newest version.
swig is already the newest version.
git is already the newest version.
wget is already the newest version.
The following packages were automatically installed and are no longer required:
  libproj0 cmake-data libboost-python1.46.1 python-pycuda-headers
  nvidia-opencl-dev libjs-underscore libgrib-api-1.9.9 python-pytools
  proj-data python-pycuda-doc nvidia-cuda-doc nvidia-cuda-gdb opencl-headers
  nvidia-compute-profiler libxmlrpc-core-c3 libjs-sphinxdoc
Use 'apt-get autoremove' to remove them.
0 upgraded, 0 newly installed, 0 to remove and 417 not upgraded.
Reading package lists...
Building dependency tree...
Reading state information...
autotools-dev is already the newest version.
g++ is already the newest version.
gfortran is already the newest version.
guile-2.0-dev is already the newest version.
The following packages were automatically installed and are no longer required:
  libproj0 cmake-data libboost-python1.46.1 python-pycuda-headers
  nvidia-opencl-dev libjs-underscore libgrib-api-1.9.9 python-pytools
  proj-data python-pycuda-doc nvidia-cuda-doc nvidia-cuda-gdb opencl-headers
  nvidia-compute-profiler libxmlrpc-core-c3 libjs-sphinxdoc
Use 'apt-get autoremove' to remove them.
0 upgraded, 0 newly installed, 0 to remove and 417 not upgraded.
Reading package lists...
Building dependency tree...
Reading state information...
h5utils is already the newest version.
The following packages were automatically installed and are no longer required:
  libproj0 cmake-data libboost-python1.46.1 python-pycuda-headers
  nvidia-opencl-dev libjs-underscore libgrib-api-1.9.9 python-pytools
  proj-data python-pycuda-doc nvidia-cuda-doc nvidia-cuda-gdb opencl-headers
  nvidia-compute-profiler libxmlrpc-core-c3 libjs-sphinxdoc
Use 'apt-get autoremove' to remove them.
0 upgraded, 0 newly installed, 0 to remove and 417 not upgraded.
Reading package lists...
Building dependency tree...
Reading state information...
libfftw3-dev is already the newest version.
libgsl0-dev is already the newest version.
liblapack-dev is already the newest version.
libatlas-base-dev is already the newest version.
imagemagick is already the newest version.
The following packages were automatically installed and are no longer required:
  libproj0 cmake-data libboost-python1.46.1 python-pycuda-headers
  nvidia-opencl-dev libjs-underscore libgrib-api-1.9.9 python-pytools
  proj-data python-pycuda-doc nvidia-cuda-doc nvidia-cuda-gdb opencl-headers
  nvidia-compute-profiler libxmlrpc-core-c3 libjs-sphinxdoc
Use 'apt-get autoremove' to remove them.
0 upgraded, 0 newly installed, 0 to remove and 417 not upgraded.
Reading package lists...
Building dependency tree...
Reading state information...
pkg-config is already the newest version.
libharminv-dev is already the newest version.
The following packages were automatically installed and are no longer required:
  libproj0 cmake-data libboost-python1.46.1 python-pycuda-headers
  nvidia-opencl-dev libjs-underscore libgrib-api-1.9.9 python-pytools
  proj-data python-pycuda-doc nvidia-cuda-doc nvidia-cuda-gdb opencl-headers
  nvidia-compute-profiler libxmlrpc-core-c3 libjs-sphinxdoc
Use 'apt-get autoremove' to remove them.
0 upgraded, 0 newly installed, 0 to remove and 417 not upgraded.
Reading package lists...
Building dependency tree...
Reading state information...
zlib1g-dev is already the newest version.
The following packages were automatically installed and are no longer required:
  libproj0 cmake-data libboost-python1.46.1 python-pycuda-headers
  nvidia-opencl-dev libjs-underscore libgrib-api-1.9.9 python-pytools
  proj-data python-pycuda-doc nvidia-cuda-doc nvidia-cuda-gdb opencl-headers
  nvidia-compute-profiler libxmlrpc-core-c3 libjs-sphinxdoc
Use 'apt-get autoremove' to remove them.
0 upgraded, 0 newly installed, 0 to remove and 417 not upgraded.
Reading package lists...
Building dependency tree...
Reading state information...
E: Unable to locate package openmpi-devel
E: Unable to locate package hdf5-openmpi-devel
--2015-09-15 18:37:15--  http://ab-initio.mit.edu/libctl/libctl-3.2.1.tar.gz
Resolving ab-initio.mit.edu (ab-initio.mit.edu)... 18.62.2.90
Connecting to ab-initio.mit.edu (ab-initio.mit.edu)|18.62.2.90|:80... connected.
HTTP request sent, awaiting response... 200 OK
Length: 485825 (474K) [application/x-gzip]
Saving to: `libctl-3.2.1.tar.gz.2'

100%[======================================================================================================>] 4,85,825    --.-K/s   in 0.1s    

2015-09-15 18:37:20 (4.68 MB/s) - `libctl-3.2.1.tar.gz.2' saved [485825/485825]

tar (child): libctl-3.2.1: Cannot read: Is a directory
tar (child): At beginning of tape, quitting now
tar (child): Error is not recoverable: exiting now

gzip: stdin: unexpected end of file
tar: Child returned status 2
tar: Error is not recoverable: exiting now
./python-meep-install.sh: 52: ./python-meep-install.sh: ./configure: not found
TODO: when HDF5 libraries are available for Fedora, include them as above
autoreconf: Entering directory `.'
autoreconf: configure.ac: not using Gettext
autoreconf: running: aclocal --force -I m4
configure.ac:120: warning: AC_REQUIRE: `AC_PROG_F77' was expanded before it was required
../../lib/autoconf/fortran.m4:255: AC_LANG_COMPILER(Fortran 77) is expanded from...
../../lib/autoconf/lang.m4:330: AC_LANG_COMPILER_REQUIRE is expanded from...
../../lib/autoconf/general.m4:2679: AC_LINK_IFELSE is expanded from...
../../lib/m4sugar/m4sh.m4:606: AS_IF is expanded from...
../../lib/autoconf/general.m4:2032: AC_CACHE_VAL is expanded from...
m4/libtool.m4:1130: _LT_SYS_MODULE_PATH_AIX is expanded from...
m4/libtool.m4:4554: _LT_LINKER_SHLIBS is expanded from...
m4/libtool.m4:7183: _LT_LANG_F77_CONFIG is expanded from...
m4/libtool.m4:819: _LT_LANG is expanded from...
m4/libtool.m4:801: LT_LANG is expanded from...
../../lib/autoconf/fortran.m4:700: AC_F77_LIBRARY_LDFLAGS is expanded from...
../../lib/autoconf/fortran.m4:977: _AC_F77_NAME_MANGLING is expanded from...
../../lib/autoconf/fortran.m4:1044: AC_F77_WRAPPERS is expanded from...
configure.ac:120: the top level
configure.ac:357: warning: AC_LANG_CONFTEST: no AC_LANG_SOURCE call detected in body
../../lib/autoconf/lang.m4:194: AC_LANG_CONFTEST is expanded from...
../../lib/autoconf/general.m4:2591: _AC_COMPILE_IFELSE is expanded from...
../../lib/autoconf/general.m4:2607: AC_COMPILE_IFELSE is expanded from...
../../lib/m4sugar/m4sh.m4:606: AS_IF is expanded from...
../../lib/autoconf/headers.m4:129: _AC_CHECK_HEADER_MONGREL is expanded from...
../../lib/autoconf/headers.m4:67: AC_CHECK_HEADER is expanded from...
configure.ac:357: the top level
autoreconf: configure.ac: tracing
configure.ac:120: warning: AC_REQUIRE: `AC_PROG_F77' was expanded before it was required
../../lib/autoconf/fortran.m4:255: AC_LANG_COMPILER(Fortran 77) is expanded from...
../../lib/autoconf/lang.m4:330: AC_LANG_COMPILER_REQUIRE is expanded from...
../../lib/autoconf/general.m4:2679: AC_LINK_IFELSE is expanded from...
../../lib/m4sugar/m4sh.m4:606: AS_IF is expanded from...
../../lib/autoconf/general.m4:2032: AC_CACHE_VAL is expanded from...
m4/libtool.m4:1130: _LT_SYS_MODULE_PATH_AIX is expanded from...
m4/libtool.m4:4554: _LT_LINKER_SHLIBS is expanded from...
m4/libtool.m4:7183: _LT_LANG_F77_CONFIG is expanded from...
m4/libtool.m4:819: _LT_LANG is expanded from...
m4/libtool.m4:801: LT_LANG is expanded from...
../../lib/autoconf/fortran.m4:700: AC_F77_LIBRARY_LDFLAGS is expanded from...
../../lib/autoconf/fortran.m4:977: _AC_F77_NAME_MANGLING is expanded from...
../../lib/autoconf/fortran.m4:1044: AC_F77_WRAPPERS is expanded from...
configure.ac:120: the top level
configure.ac:357: warning: AC_LANG_CONFTEST: no AC_LANG_SOURCE call detected in body
../../lib/autoconf/lang.m4:194: AC_LANG_CONFTEST is expanded from...
../../lib/autoconf/general.m4:2591: _AC_COMPILE_IFELSE is expanded from...
../../lib/autoconf/general.m4:2607: AC_COMPILE_IFELSE is expanded from...
../../lib/m4sugar/m4sh.m4:606: AS_IF is expanded from...
../../lib/autoconf/headers.m4:129: _AC_CHECK_HEADER_MONGREL is expanded from...
../../lib/autoconf/headers.m4:67: AC_CHECK_HEADER is expanded from...
configure.ac:357: the top level
autoreconf: running: libtoolize --install --force
libtoolize: putting auxiliary files in `.'.
libtoolize: linking file `./config.guess'
libtoolize: linking file `./config.sub'
libtoolize: linking file `./install-sh'
libtoolize: linking file `./ltmain.sh'
libtoolize: putting macros in AC_CONFIG_MACRO_DIR, `m4'.
libtoolize: linking file `m4/libtool.m4'
libtoolize: linking file `m4/ltoptions.m4'
libtoolize: linking file `m4/ltsugar.m4'
libtoolize: linking file `m4/ltversion.m4'
libtoolize: linking file `m4/lt~obsolete.m4'
configure.ac:120: warning: AC_REQUIRE: `AC_PROG_F77' was expanded before it was required
../../lib/autoconf/fortran.m4:255: AC_LANG_COMPILER(Fortran 77) is expanded from...
../../lib/autoconf/lang.m4:330: AC_LANG_COMPILER_REQUIRE is expanded from...
../../lib/autoconf/general.m4:2679: AC_LINK_IFELSE is expanded from...
../../lib/m4sugar/m4sh.m4:606: AS_IF is expanded from...
../../lib/autoconf/general.m4:2032: AC_CACHE_VAL is expanded from...
m4/libtool.m4:1130: _LT_SYS_MODULE_PATH_AIX is expanded from...
m4/libtool.m4:4554: _LT_LINKER_SHLIBS is expanded from...
m4/libtool.m4:7183: _LT_LANG_F77_CONFIG is expanded from...
m4/libtool.m4:819: _LT_LANG is expanded from...
m4/libtool.m4:801: LT_LANG is expanded from...
../../lib/autoconf/fortran.m4:700: AC_F77_LIBRARY_LDFLAGS is expanded from...
../../lib/autoconf/fortran.m4:977: _AC_F77_NAME_MANGLING is expanded from...
../../lib/autoconf/fortran.m4:1044: AC_F77_WRAPPERS is expanded from...
configure.ac:120: the top level
configure.ac:357: warning: AC_LANG_CONFTEST: no AC_LANG_SOURCE call detected in body
../../lib/autoconf/lang.m4:194: AC_LANG_CONFTEST is expanded from...
../../lib/autoconf/general.m4:2591: _AC_COMPILE_IFELSE is expanded from...
../../lib/autoconf/general.m4:2607: AC_COMPILE_IFELSE is expanded from...
../../lib/m4sugar/m4sh.m4:606: AS_IF is expanded from...
../../lib/autoconf/headers.m4:129: _AC_CHECK_HEADER_MONGREL is expanded from...
../../lib/autoconf/headers.m4:67: AC_CHECK_HEADER is expanded from...
configure.ac:357: the top level
autoreconf: running: /usr/bin/autoconf --force
configure.ac:120: warning: AC_REQUIRE: `AC_PROG_F77' was expanded before it was required
../../lib/autoconf/fortran.m4:255: AC_LANG_COMPILER(Fortran 77) is expanded from...
../../lib/autoconf/lang.m4:330: AC_LANG_COMPILER_REQUIRE is expanded from...
../../lib/autoconf/general.m4:2679: AC_LINK_IFELSE is expanded from...
../../lib/m4sugar/m4sh.m4:606: AS_IF is expanded from...
../../lib/autoconf/general.m4:2032: AC_CACHE_VAL is expanded from...
m4/libtool.m4:1130: _LT_SYS_MODULE_PATH_AIX is expanded from...
m4/libtool.m4:4554: _LT_LINKER_SHLIBS is expanded from...
m4/libtool.m4:7183: _LT_LANG_F77_CONFIG is expanded from...
m4/libtool.m4:819: _LT_LANG is expanded from...
m4/libtool.m4:801: LT_LANG is expanded from...
../../lib/autoconf/fortran.m4:700: AC_F77_LIBRARY_LDFLAGS is expanded from...
../../lib/autoconf/fortran.m4:977: _AC_F77_NAME_MANGLING is expanded from...
../../lib/autoconf/fortran.m4:1044: AC_F77_WRAPPERS is expanded from...
configure.ac:120: the top level
configure.ac:357: warning: AC_LANG_CONFTEST: no AC_LANG_SOURCE call detected in body
../../lib/autoconf/lang.m4:194: AC_LANG_CONFTEST is expanded from...
../../lib/autoconf/general.m4:2591: _AC_COMPILE_IFELSE is expanded from...
../../lib/autoconf/general.m4:2607: AC_COMPILE_IFELSE is expanded from...
../../lib/m4sugar/m4sh.m4:606: AS_IF is expanded from...
../../lib/autoconf/headers.m4:129: _AC_CHECK_HEADER_MONGREL is expanded from...
../../lib/autoconf/headers.m4:67: AC_CHECK_HEADER is expanded from...
configure.ac:357: the top level
autoreconf: running: /usr/bin/autoheader --force
configure.ac:120: warning: AC_REQUIRE: `AC_PROG_F77' was expanded before it was required
../../lib/autoconf/fortran.m4:255: AC_LANG_COMPILER(Fortran 77) is expanded from...
../../lib/autoconf/lang.m4:330: AC_LANG_COMPILER_REQUIRE is expanded from...
../../lib/autoconf/general.m4:2679: AC_LINK_IFELSE is expanded from...
../../lib/m4sugar/m4sh.m4:606: AS_IF is expanded from...
../../lib/autoconf/general.m4:2032: AC_CACHE_VAL is expanded from...
m4/libtool.m4:1130: _LT_SYS_MODULE_PATH_AIX is expanded from...
m4/libtool.m4:4554: _LT_LINKER_SHLIBS is expanded from...
m4/libtool.m4:7183: _LT_LANG_F77_CONFIG is expanded from...
m4/libtool.m4:819: _LT_LANG is expanded from...
m4/libtool.m4:801: LT_LANG is expanded from...
../../lib/autoconf/fortran.m4:700: AC_F77_LIBRARY_LDFLAGS is expanded from...
../../lib/autoconf/fortran.m4:977: _AC_F77_NAME_MANGLING is expanded from...
../../lib/autoconf/fortran.m4:1044: AC_F77_WRAPPERS is expanded from...
configure.ac:120: the top level
configure.ac:357: warning: AC_LANG_CONFTEST: no AC_LANG_SOURCE call detected in body
../../lib/autoconf/lang.m4:194: AC_LANG_CONFTEST is expanded from...
../../lib/autoconf/general.m4:2591: _AC_COMPILE_IFELSE is expanded from...
../../lib/autoconf/general.m4:2607: AC_COMPILE_IFELSE is expanded from...
../../lib/m4sugar/m4sh.m4:606: AS_IF is expanded from...
../../lib/autoconf/headers.m4:129: _AC_CHECK_HEADER_MONGREL is expanded from...
../../lib/autoconf/headers.m4:67: AC_CHECK_HEADER is expanded from...
configure.ac:357: the top level
autoreconf: running: automake --add-missing --force-missing
configure.ac:120: warning: AC_REQUIRE: `AC_PROG_F77' was expanded before it was required
../../lib/autoconf/fortran.m4:255: AC_LANG_COMPILER(Fortran 77) is expanded from...
../../lib/autoconf/lang.m4:330: AC_LANG_COMPILER_REQUIRE is expanded from...
../../lib/autoconf/general.m4:2679: AC_LINK_IFELSE is expanded from...
../../lib/m4sugar/m4sh.m4:606: AS_IF is expanded from...
../../lib/autoconf/general.m4:2032: AC_CACHE_VAL is expanded from...
m4/libtool.m4:1130: _LT_SYS_MODULE_PATH_AIX is expanded from...
m4/libtool.m4:4554: _LT_LINKER_SHLIBS is expanded from...
m4/libtool.m4:7183: _LT_LANG_F77_CONFIG is expanded from...
m4/libtool.m4:819: _LT_LANG is expanded from...
m4/libtool.m4:801: LT_LANG is expanded from...
../../lib/autoconf/fortran.m4:700: AC_F77_LIBRARY_LDFLAGS is expanded from...
../../lib/autoconf/fortran.m4:977: _AC_F77_NAME_MANGLING is expanded from...
../../lib/autoconf/fortran.m4:1044: AC_F77_WRAPPERS is expanded from...
configure.ac:120: the top level
configure.ac:357: warning: AC_LANG_CONFTEST: no AC_LANG_SOURCE call detected in body
../../lib/autoconf/lang.m4:194: AC_LANG_CONFTEST is expanded from...
../../lib/autoconf/general.m4:2591: _AC_COMPILE_IFELSE is expanded from...
../../lib/autoconf/general.m4:2607: AC_COMPILE_IFELSE is expanded from...
../../lib/m4sugar/m4sh.m4:606: AS_IF is expanded from...
../../lib/autoconf/headers.m4:129: _AC_CHECK_HEADER_MONGREL is expanded from...
../../lib/autoconf/headers.m4:67: AC_CHECK_HEADER is expanded from...
configure.ac:357: the top level
autoreconf: Leaving directory `.'
autoreconf: Entering directory `.'
autoreconf: configure.ac: not using Gettext
autoreconf: running: aclocal --force -I m4
configure.ac:120: warning: AC_REQUIRE: `AC_PROG_F77' was expanded before it was required
../../lib/autoconf/fortran.m4:255: AC_LANG_COMPILER(Fortran 77) is expanded from...
../../lib/autoconf/lang.m4:330: AC_LANG_COMPILER_REQUIRE is expanded from...
../../lib/autoconf/general.m4:2679: AC_LINK_IFELSE is expanded from...
../../lib/m4sugar/m4sh.m4:606: AS_IF is expanded from...
../../lib/autoconf/general.m4:2032: AC_CACHE_VAL is expanded from...
m4/libtool.m4:1130: _LT_SYS_MODULE_PATH_AIX is expanded from...
m4/libtool.m4:4554: _LT_LINKER_SHLIBS is expanded from...
m4/libtool.m4:7183: _LT_LANG_F77_CONFIG is expanded from...
m4/libtool.m4:819: _LT_LANG is expanded from...
m4/libtool.m4:801: LT_LANG is expanded from...
../../lib/autoconf/fortran.m4:700: AC_F77_LIBRARY_LDFLAGS is expanded from...
../../lib/autoconf/fortran.m4:977: _AC_F77_NAME_MANGLING is expanded from...
../../lib/autoconf/fortran.m4:1044: AC_F77_WRAPPERS is expanded from...
configure.ac:120: the top level
configure.ac:357: warning: AC_LANG_CONFTEST: no AC_LANG_SOURCE call detected in body
../../lib/autoconf/lang.m4:194: AC_LANG_CONFTEST is expanded from...
../../lib/autoconf/general.m4:2591: _AC_COMPILE_IFELSE is expanded from...
../../lib/autoconf/general.m4:2607: AC_COMPILE_IFELSE is expanded from...
../../lib/m4sugar/m4sh.m4:606: AS_IF is expanded from...
../../lib/autoconf/headers.m4:129: _AC_CHECK_HEADER_MONGREL is expanded from...
../../lib/autoconf/headers.m4:67: AC_CHECK_HEADER is expanded from...
configure.ac:357: the top level
autoreconf: configure.ac: tracing
configure.ac:120: warning: AC_REQUIRE: `AC_PROG_F77' was expanded before it was required
../../lib/autoconf/fortran.m4:255: AC_LANG_COMPILER(Fortran 77) is expanded from...
../../lib/autoconf/lang.m4:330: AC_LANG_COMPILER_REQUIRE is expanded from...
../../lib/autoconf/general.m4:2679: AC_LINK_IFELSE is expanded from...
../../lib/m4sugar/m4sh.m4:606: AS_IF is expanded from...
../../lib/autoconf/general.m4:2032: AC_CACHE_VAL is expanded from...
m4/libtool.m4:1130: _LT_SYS_MODULE_PATH_AIX is expanded from...
m4/libtool.m4:4554: _LT_LINKER_SHLIBS is expanded from...
m4/libtool.m4:7183: _LT_LANG_F77_CONFIG is expanded from...
m4/libtool.m4:819: _LT_LANG is expanded from...
m4/libtool.m4:801: LT_LANG is expanded from...
../../lib/autoconf/fortran.m4:700: AC_F77_LIBRARY_LDFLAGS is expanded from...
../../lib/autoconf/fortran.m4:977: _AC_F77_NAME_MANGLING is expanded from...
../../lib/autoconf/fortran.m4:1044: AC_F77_WRAPPERS is expanded from...
configure.ac:120: the top level
configure.ac:357: warning: AC_LANG_CONFTEST: no AC_LANG_SOURCE call detected in body
../../lib/autoconf/lang.m4:194: AC_LANG_CONFTEST is expanded from...
../../lib/autoconf/general.m4:2591: _AC_COMPILE_IFELSE is expanded from...
../../lib/autoconf/general.m4:2607: AC_COMPILE_IFELSE is expanded from...
../../lib/m4sugar/m4sh.m4:606: AS_IF is expanded from...
../../lib/autoconf/headers.m4:129: _AC_CHECK_HEADER_MONGREL is expanded from...
../../lib/autoconf/headers.m4:67: AC_CHECK_HEADER is expanded from...
configure.ac:357: the top level
autoreconf: running: libtoolize --install --force
libtoolize: putting auxiliary files in `.'.
libtoolize: linking file `./config.guess'
libtoolize: linking file `./config.sub'
libtoolize: linking file `./install-sh'
libtoolize: linking file `./ltmain.sh'
libtoolize: putting macros in AC_CONFIG_MACRO_DIR, `m4'.
libtoolize: linking file `m4/libtool.m4'
libtoolize: linking file `m4/ltoptions.m4'
libtoolize: linking file `m4/ltsugar.m4'
libtoolize: linking file `m4/ltversion.m4'
libtoolize: linking file `m4/lt~obsolete.m4'
configure.ac:120: warning: AC_REQUIRE: `AC_PROG_F77' was expanded before it was required
../../lib/autoconf/fortran.m4:255: AC_LANG_COMPILER(Fortran 77) is expanded from...
../../lib/autoconf/lang.m4:330: AC_LANG_COMPILER_REQUIRE is expanded from...
../../lib/autoconf/general.m4:2679: AC_LINK_IFELSE is expanded from...
../../lib/m4sugar/m4sh.m4:606: AS_IF is expanded from...
../../lib/autoconf/general.m4:2032: AC_CACHE_VAL is expanded from...
m4/libtool.m4:1130: _LT_SYS_MODULE_PATH_AIX is expanded from...
m4/libtool.m4:4554: _LT_LINKER_SHLIBS is expanded from...
m4/libtool.m4:7183: _LT_LANG_F77_CONFIG is expanded from...
m4/libtool.m4:819: _LT_LANG is expanded from...
m4/libtool.m4:801: LT_LANG is expanded from...
../../lib/autoconf/fortran.m4:700: AC_F77_LIBRARY_LDFLAGS is expanded from...
../../lib/autoconf/fortran.m4:977: _AC_F77_NAME_MANGLING is expanded from...
../../lib/autoconf/fortran.m4:1044: AC_F77_WRAPPERS is expanded from...
configure.ac:120: the top level
configure.ac:357: warning: AC_LANG_CONFTEST: no AC_LANG_SOURCE call detected in body
../../lib/autoconf/lang.m4:194: AC_LANG_CONFTEST is expanded from...
../../lib/autoconf/general.m4:2591: _AC_COMPILE_IFELSE is expanded from...
../../lib/autoconf/general.m4:2607: AC_COMPILE_IFELSE is expanded from...
../../lib/m4sugar/m4sh.m4:606: AS_IF is expanded from...
../../lib/autoconf/headers.m4:129: _AC_CHECK_HEADER_MONGREL is expanded from...
../../lib/autoconf/headers.m4:67: AC_CHECK_HEADER is expanded from...
configure.ac:357: the top level
autoreconf: running: /usr/bin/autoconf --force
configure.ac:120: warning: AC_REQUIRE: `AC_PROG_F77' was expanded before it was required
../../lib/autoconf/fortran.m4:255: AC_LANG_COMPILER(Fortran 77) is expanded from...
../../lib/autoconf/lang.m4:330: AC_LANG_COMPILER_REQUIRE is expanded from...
../../lib/autoconf/general.m4:2679: AC_LINK_IFELSE is expanded from...
../../lib/m4sugar/m4sh.m4:606: AS_IF is expanded from...
../../lib/autoconf/general.m4:2032: AC_CACHE_VAL is expanded from...
m4/libtool.m4:1130: _LT_SYS_MODULE_PATH_AIX is expanded from...
m4/libtool.m4:4554: _LT_LINKER_SHLIBS is expanded from...
m4/libtool.m4:7183: _LT_LANG_F77_CONFIG is expanded from...
m4/libtool.m4:819: _LT_LANG is expanded from...
m4/libtool.m4:801: LT_LANG is expanded from...
../../lib/autoconf/fortran.m4:700: AC_F77_LIBRARY_LDFLAGS is expanded from...
../../lib/autoconf/fortran.m4:977: _AC_F77_NAME_MANGLING is expanded from...
../../lib/autoconf/fortran.m4:1044: AC_F77_WRAPPERS is expanded from...
configure.ac:120: the top level
configure.ac:357: warning: AC_LANG_CONFTEST: no AC_LANG_SOURCE call detected in body
../../lib/autoconf/lang.m4:194: AC_LANG_CONFTEST is expanded from...
../../lib/autoconf/general.m4:2591: _AC_COMPILE_IFELSE is expanded from...
../../lib/autoconf/general.m4:2607: AC_COMPILE_IFELSE is expanded from...
../../lib/m4sugar/m4sh.m4:606: AS_IF is expanded from...
../../lib/autoconf/headers.m4:129: _AC_CHECK_HEADER_MONGREL is expanded from...
../../lib/autoconf/headers.m4:67: AC_CHECK_HEADER is expanded from...
configure.ac:357: the top level
autoreconf: running: /usr/bin/autoheader --force
configure.ac:120: warning: AC_REQUIRE: `AC_PROG_F77' was expanded before it was required
../../lib/autoconf/fortran.m4:255: AC_LANG_COMPILER(Fortran 77) is expanded from...
../../lib/autoconf/lang.m4:330: AC_LANG_COMPILER_REQUIRE is expanded from...
../../lib/autoconf/general.m4:2679: AC_LINK_IFELSE is expanded from...
../../lib/m4sugar/m4sh.m4:606: AS_IF is expanded from...
../../lib/autoconf/general.m4:2032: AC_CACHE_VAL is expanded from...
m4/libtool.m4:1130: _LT_SYS_MODULE_PATH_AIX is expanded from...
m4/libtool.m4:4554: _LT_LINKER_SHLIBS is expanded from...
m4/libtool.m4:7183: _LT_LANG_F77_CONFIG is expanded from...
m4/libtool.m4:819: _LT_LANG is expanded from...
m4/libtool.m4:801: LT_LANG is expanded from...
../../lib/autoconf/fortran.m4:700: AC_F77_LIBRARY_LDFLAGS is expanded from...
../../lib/autoconf/fortran.m4:977: _AC_F77_NAME_MANGLING is expanded from...
../../lib/autoconf/fortran.m4:1044: AC_F77_WRAPPERS is expanded from...
configure.ac:120: the top level
configure.ac:357: warning: AC_LANG_CONFTEST: no AC_LANG_SOURCE call detected in body
../../lib/autoconf/lang.m4:194: AC_LANG_CONFTEST is expanded from...
../../lib/autoconf/general.m4:2591: _AC_COMPILE_IFELSE is expanded from...
../../lib/autoconf/general.m4:2607: AC_COMPILE_IFELSE is expanded from...
../../lib/m4sugar/m4sh.m4:606: AS_IF is expanded from...
../../lib/autoconf/headers.m4:129: _AC_CHECK_HEADER_MONGREL is expanded from...
../../lib/autoconf/headers.m4:67: AC_CHECK_HEADER is expanded from...
configure.ac:357: the top level
autoreconf: running: automake --add-missing --force-missing
configure.ac:120: warning: AC_REQUIRE: `AC_PROG_F77' was expanded before it was required
../../lib/autoconf/fortran.m4:255: AC_LANG_COMPILER(Fortran 77) is expanded from...
../../lib/autoconf/lang.m4:330: AC_LANG_COMPILER_REQUIRE is expanded from...
../../lib/autoconf/general.m4:2679: AC_LINK_IFELSE is expanded from...
../../lib/m4sugar/m4sh.m4:606: AS_IF is expanded from...
../../lib/autoconf/general.m4:2032: AC_CACHE_VAL is expanded from...
m4/libtool.m4:1130: _LT_SYS_MODULE_PATH_AIX is expanded from...
m4/libtool.m4:4554: _LT_LINKER_SHLIBS is expanded from...
m4/libtool.m4:7183: _LT_LANG_F77_CONFIG is expanded from...
m4/libtool.m4:819: _LT_LANG is expanded from...
m4/libtool.m4:801: LT_LANG is expanded from...
../../lib/autoconf/fortran.m4:700: AC_F77_LIBRARY_LDFLAGS is expanded from...
../../lib/autoconf/fortran.m4:977: _AC_F77_NAME_MANGLING is expanded from...
../../lib/autoconf/fortran.m4:1044: AC_F77_WRAPPERS is expanded from...
configure.ac:120: the top level
configure.ac:357: warning: AC_LANG_CONFTEST: no AC_LANG_SOURCE call detected in body
../../lib/autoconf/lang.m4:194: AC_LANG_CONFTEST is expanded from...
../../lib/autoconf/general.m4:2591: _AC_COMPILE_IFELSE is expanded from...
../../lib/autoconf/general.m4:2607: AC_COMPILE_IFELSE is expanded from...
../../lib/m4sugar/m4sh.m4:606: AS_IF is expanded from...
../../lib/autoconf/headers.m4:129: _AC_CHECK_HEADER_MONGREL is expanded from...
../../lib/autoconf/headers.m4:67: AC_CHECK_HEADER is expanded from...
configure.ac:357: the top level
autoreconf: Leaving directory `.'
autoreconf: Entering directory `.'
autoreconf: configure.ac: not using Gettext
autoreconf: running: aclocal --force -I m4
configure.ac:120: warning: AC_REQUIRE: `AC_PROG_F77' was expanded before it was required
../../lib/autoconf/fortran.m4:255: AC_LANG_COMPILER(Fortran 77) is expanded from...
../../lib/autoconf/lang.m4:330: AC_LANG_COMPILER_REQUIRE is expanded from...
../../lib/autoconf/general.m4:2679: AC_LINK_IFELSE is expanded from...
../../lib/m4sugar/m4sh.m4:606: AS_IF is expanded from...
../../lib/autoconf/general.m4:2032: AC_CACHE_VAL is expanded from...
m4/libtool.m4:1130: _LT_SYS_MODULE_PATH_AIX is expanded from...
m4/libtool.m4:4554: _LT_LINKER_SHLIBS is expanded from...
m4/libtool.m4:7183: _LT_LANG_F77_CONFIG is expanded from...
m4/libtool.m4:819: _LT_LANG is expanded from...
m4/libtool.m4:801: LT_LANG is expanded from...
../../lib/autoconf/fortran.m4:700: AC_F77_LIBRARY_LDFLAGS is expanded from...
../../lib/autoconf/fortran.m4:977: _AC_F77_NAME_MANGLING is expanded from...
../../lib/autoconf/fortran.m4:1044: AC_F77_WRAPPERS is expanded from...
configure.ac:120: the top level
configure.ac:357: warning: AC_LANG_CONFTEST: no AC_LANG_SOURCE call detected in body
../../lib/autoconf/lang.m4:194: AC_LANG_CONFTEST is expanded from...
../../lib/autoconf/general.m4:2591: _AC_COMPILE_IFELSE is expanded from...
../../lib/autoconf/general.m4:2607: AC_COMPILE_IFELSE is expanded from...
../../lib/m4sugar/m4sh.m4:606: AS_IF is expanded from...
../../lib/autoconf/headers.m4:129: _AC_CHECK_HEADER_MONGREL is expanded from...
../../lib/autoconf/headers.m4:67: AC_CHECK_HEADER is expanded from...
configure.ac:357: the top level
autoreconf: configure.ac: tracing
configure.ac:120: warning: AC_REQUIRE: `AC_PROG_F77' was expanded before it was required
../../lib/autoconf/fortran.m4:255: AC_LANG_COMPILER(Fortran 77) is expanded from...
../../lib/autoconf/lang.m4:330: AC_LANG_COMPILER_REQUIRE is expanded from...
../../lib/autoconf/general.m4:2679: AC_LINK_IFELSE is expanded from...
../../lib/m4sugar/m4sh.m4:606: AS_IF is expanded from...
../../lib/autoconf/general.m4:2032: AC_CACHE_VAL is expanded from...
m4/libtool.m4:1130: _LT_SYS_MODULE_PATH_AIX is expanded from...
m4/libtool.m4:4554: _LT_LINKER_SHLIBS is expanded from...
m4/libtool.m4:7183: _LT_LANG_F77_CONFIG is expanded from...
m4/libtool.m4:819: _LT_LANG is expanded from...
m4/libtool.m4:801: LT_LANG is expanded from...
../../lib/autoconf/fortran.m4:700: AC_F77_LIBRARY_LDFLAGS is expanded from...
../../lib/autoconf/fortran.m4:977: _AC_F77_NAME_MANGLING is expanded from...
../../lib/autoconf/fortran.m4:1044: AC_F77_WRAPPERS is expanded from...
configure.ac:120: the top level
configure.ac:357: warning: AC_LANG_CONFTEST: no AC_LANG_SOURCE call detected in body
../../lib/autoconf/lang.m4:194: AC_LANG_CONFTEST is expanded from...
../../lib/autoconf/general.m4:2591: _AC_COMPILE_IFELSE is expanded from...
../../lib/autoconf/general.m4:2607: AC_COMPILE_IFELSE is expanded from...
../../lib/m4sugar/m4sh.m4:606: AS_IF is expanded from...
../../lib/autoconf/headers.m4:129: _AC_CHECK_HEADER_MONGREL is expanded from...
../../lib/autoconf/headers.m4:67: AC_CHECK_HEADER is expanded from...
configure.ac:357: the top level
autoreconf: running: libtoolize --install --force
libtoolize: putting auxiliary files in `.'.
libtoolize: linking file `./config.guess'
libtoolize: linking file `./config.sub'
libtoolize: linking file `./install-sh'
libtoolize: linking file `./ltmain.sh'
libtoolize: putting macros in AC_CONFIG_MACRO_DIR, `m4'.
libtoolize: linking file `m4/libtool.m4'
libtoolize: linking file `m4/ltoptions.m4'
libtoolize: linking file `m4/ltsugar.m4'
libtoolize: linking file `m4/ltversion.m4'
libtoolize: linking file `m4/lt~obsolete.m4'
configure.ac:120: warning: AC_REQUIRE: `AC_PROG_F77' was expanded before it was required
../../lib/autoconf/fortran.m4:255: AC_LANG_COMPILER(Fortran 77) is expanded from...
../../lib/autoconf/lang.m4:330: AC_LANG_COMPILER_REQUIRE is expanded from...
../../lib/autoconf/general.m4:2679: AC_LINK_IFELSE is expanded from...
../../lib/m4sugar/m4sh.m4:606: AS_IF is expanded from...
../../lib/autoconf/general.m4:2032: AC_CACHE_VAL is expanded from...
m4/libtool.m4:1130: _LT_SYS_MODULE_PATH_AIX is expanded from...
m4/libtool.m4:4554: _LT_LINKER_SHLIBS is expanded from...
m4/libtool.m4:7183: _LT_LANG_F77_CONFIG is expanded from...
m4/libtool.m4:819: _LT_LANG is expanded from...
m4/libtool.m4:801: LT_LANG is expanded from...
../../lib/autoconf/fortran.m4:700: AC_F77_LIBRARY_LDFLAGS is expanded from...
../../lib/autoconf/fortran.m4:977: _AC_F77_NAME_MANGLING is expanded from...
../../lib/autoconf/fortran.m4:1044: AC_F77_WRAPPERS is expanded from...
configure.ac:120: the top level
configure.ac:357: warning: AC_LANG_CONFTEST: no AC_LANG_SOURCE call detected in body
../../lib/autoconf/lang.m4:194: AC_LANG_CONFTEST is expanded from...
../../lib/autoconf/general.m4:2591: _AC_COMPILE_IFELSE is expanded from...
../../lib/autoconf/general.m4:2607: AC_COMPILE_IFELSE is expanded from...
../../lib/m4sugar/m4sh.m4:606: AS_IF is expanded from...
../../lib/autoconf/headers.m4:129: _AC_CHECK_HEADER_MONGREL is expanded from...
../../lib/autoconf/headers.m4:67: AC_CHECK_HEADER is expanded from...
configure.ac:357: the top level
autoreconf: running: /usr/bin/autoconf --force
configure.ac:120: warning: AC_REQUIRE: `AC_PROG_F77' was expanded before it was required
../../lib/autoconf/fortran.m4:255: AC_LANG_COMPILER(Fortran 77) is expanded from...
../../lib/autoconf/lang.m4:330: AC_LANG_COMPILER_REQUIRE is expanded from...
../../lib/autoconf/general.m4:2679: AC_LINK_IFELSE is expanded from...
../../lib/m4sugar/m4sh.m4:606: AS_IF is expanded from...
../../lib/autoconf/general.m4:2032: AC_CACHE_VAL is expanded from...
m4/libtool.m4:1130: _LT_SYS_MODULE_PATH_AIX is expanded from...
m4/libtool.m4:4554: _LT_LINKER_SHLIBS is expanded from...
m4/libtool.m4:7183: _LT_LANG_F77_CONFIG is expanded from...
m4/libtool.m4:819: _LT_LANG is expanded from...
m4/libtool.m4:801: LT_LANG is expanded from...
../../lib/autoconf/fortran.m4:700: AC_F77_LIBRARY_LDFLAGS is expanded from...
../../lib/autoconf/fortran.m4:977: _AC_F77_NAME_MANGLING is expanded from...
../../lib/autoconf/fortran.m4:1044: AC_F77_WRAPPERS is expanded from...
configure.ac:120: the top level
configure.ac:357: warning: AC_LANG_CONFTEST: no AC_LANG_SOURCE call detected in body
../../lib/autoconf/lang.m4:194: AC_LANG_CONFTEST is expanded from...
../../lib/autoconf/general.m4:2591: _AC_COMPILE_IFELSE is expanded from...
../../lib/autoconf/general.m4:2607: AC_COMPILE_IFELSE is expanded from...
../../lib/m4sugar/m4sh.m4:606: AS_IF is expanded from...
../../lib/autoconf/headers.m4:129: _AC_CHECK_HEADER_MONGREL is expanded from...
../../lib/autoconf/headers.m4:67: AC_CHECK_HEADER is expanded from...
configure.ac:357: the top level
autoreconf: running: /usr/bin/autoheader --force
configure.ac:120: warning: AC_REQUIRE: `AC_PROG_F77' was expanded before it was required
../../lib/autoconf/fortran.m4:255: AC_LANG_COMPILER(Fortran 77) is expanded from...
../../lib/autoconf/lang.m4:330: AC_LANG_COMPILER_REQUIRE is expanded from...
../../lib/autoconf/general.m4:2679: AC_LINK_IFELSE is expanded from...
../../lib/m4sugar/m4sh.m4:606: AS_IF is expanded from...
../../lib/autoconf/general.m4:2032: AC_CACHE_VAL is expanded from...
m4/libtool.m4:1130: _LT_SYS_MODULE_PATH_AIX is expanded from...
m4/libtool.m4:4554: _LT_LINKER_SHLIBS is expanded from...
m4/libtool.m4:7183: _LT_LANG_F77_CONFIG is expanded from...
m4/libtool.m4:819: _LT_LANG is expanded from...
m4/libtool.m4:801: LT_LANG is expanded from...
../../lib/autoconf/fortran.m4:700: AC_F77_LIBRARY_LDFLAGS is expanded from...
../../lib/autoconf/fortran.m4:977: _AC_F77_NAME_MANGLING is expanded from...
../../lib/autoconf/fortran.m4:1044: AC_F77_WRAPPERS is expanded from...
configure.ac:120: the top level
configure.ac:357: warning: AC_LANG_CONFTEST: no AC_LANG_SOURCE call detected in body
../../lib/autoconf/lang.m4:194: AC_LANG_CONFTEST is expanded from...
../../lib/autoconf/general.m4:2591: _AC_COMPILE_IFELSE is expanded from...
../../lib/autoconf/general.m4:2607: AC_COMPILE_IFELSE is expanded from...
../../lib/m4sugar/m4sh.m4:606: AS_IF is expanded from...
../../lib/autoconf/headers.m4:129: _AC_CHECK_HEADER_MONGREL is expanded from...
../../lib/autoconf/headers.m4:67: AC_CHECK_HEADER is expanded from...
configure.ac:357: the top level
autoreconf: running: automake --add-missing --force-missing
configure.ac:120: warning: AC_REQUIRE: `AC_PROG_F77' was expanded before it was required
../../lib/autoconf/fortran.m4:255: AC_LANG_COMPILER(Fortran 77) is expanded from...
../../lib/autoconf/lang.m4:330: AC_LANG_COMPILER_REQUIRE is expanded from...
../../lib/autoconf/general.m4:2679: AC_LINK_IFELSE is expanded from...
../../lib/m4sugar/m4sh.m4:606: AS_IF is expanded from...
../../lib/autoconf/general.m4:2032: AC_CACHE_VAL is expanded from...
m4/libtool.m4:1130: _LT_SYS_MODULE_PATH_AIX is expanded from...
m4/libtool.m4:4554: _LT_LINKER_SHLIBS is expanded from...
m4/libtool.m4:7183: _LT_LANG_F77_CONFIG is expanded from...
m4/libtool.m4:819: _LT_LANG is expanded from...
m4/libtool.m4:801: LT_LANG is expanded from...
../../lib/autoconf/fortran.m4:700: AC_F77_LIBRARY_LDFLAGS is expanded from...
../../lib/autoconf/fortran.m4:977: _AC_F77_NAME_MANGLING is expanded from...
../../lib/autoconf/fortran.m4:1044: AC_F77_WRAPPERS is expanded from...
configure.ac:120: the top level
configure.ac:357: warning: AC_LANG_CONFTEST: no AC_LANG_SOURCE call detected in body
../../lib/autoconf/lang.m4:194: AC_LANG_CONFTEST is expanded from...
../../lib/autoconf/general.m4:2591: _AC_COMPILE_IFELSE is expanded from...
../../lib/autoconf/general.m4:2607: AC_COMPILE_IFELSE is expanded from...
../../lib/m4sugar/m4sh.m4:606: AS_IF is expanded from...
../../lib/autoconf/headers.m4:129: _AC_CHECK_HEADER_MONGREL is expanded from...
../../lib/autoconf/headers.m4:67: AC_CHECK_HEADER is expanded from...
configure.ac:357: the top level
autoreconf: Leaving directory `.'
checking for a BSD-compatible install... /usr/bin/install -c
checking whether build environment is sane... yes
checking for a thread-safe mkdir -p... /bin/mkdir -p
checking for gawk... no
checking for mawk... mawk
checking whether make sets $(MAKE)... yes
checking whether make supports nested variables... yes
checking whether make supports nested variables... (cached) yes
checking whether to enable maintainer-specific portions of Makefiles... yes
checking for g++... g++
checking whether the C++ compiler works... yes
checking for C++ compiler default output file name... a.out
checking for suffix of executables... 
checking whether we are cross compiling... no
checking for suffix of object files... o
checking whether we are using the GNU C++ compiler... yes
checking whether g++ accepts -g... yes
checking for style of include used by make... GNU
checking dependency style of g++... gcc3
checking for mpic++... mpic++
checking for MPI_Init... yes
checking for mpi.h... yes
checking for extra flag needed to combine stdio.h and mpi.h... none
checking build system type... x86_64-unknown-linux-gnu
checking host system type... x86_64-unknown-linux-gnu
checking for gcc... gcc
checking whether we are using the GNU C compiler... yes
checking whether gcc accepts -g... yes
checking for gcc option to accept ISO C89... none needed
checking dependency style of gcc... gcc3
checking for C++ compiler vendor... gnu
checking how to print strings... printf
checking for a sed that does not truncate output... /bin/sed
checking for grep that handles long lines and -e... /bin/grep
checking for egrep... /bin/grep -E
checking for fgrep... /bin/grep -F
checking for ld used by gcc... /usr/bin/ld
checking if the linker (/usr/bin/ld) is GNU ld... yes
checking for BSD- or MS-compatible name lister (nm)... /usr/bin/nm -B
checking the name lister (/usr/bin/nm -B) interface... BSD nm
checking whether ln -s works... yes
checking the maximum length of command line arguments... 1572864
checking whether the shell understands some XSI constructs... yes
checking whether the shell understands "+="... yes
checking how to convert x86_64-unknown-linux-gnu file names to x86_64-unknown-linux-gnu format... func_convert_file_noop
checking how to convert x86_64-unknown-linux-gnu file names to toolchain format... func_convert_file_noop
checking for /usr/bin/ld option to reload object files... -r
checking for objdump... objdump
checking how to recognize dependent libraries... pass_all
checking for dlltool... no
checking how to associate runtime and link libraries... printf %s\n
checking for ar... ar
checking for archiver @FILE support... @
checking for strip... strip
checking for ranlib... ranlib
checking command to parse /usr/bin/nm -B output from gcc object... ok
checking for sysroot... no
checking for mt... mt
checking if mt is a manifest tool... no
checking how to run the C preprocessor... gcc -E
checking for ANSI C header files... yes
checking for sys/types.h... yes
checking for sys/stat.h... yes
checking for stdlib.h... yes
checking for string.h... yes
checking for memory.h... yes
checking for strings.h... yes
checking for inttypes.h... yes
checking for stdint.h... yes
checking for unistd.h... yes
checking for dlfcn.h... yes
checking for objdir... .libs
checking if gcc supports -fno-rtti -fno-exceptions... no
checking for gcc option to produce PIC... -fPIC -DPIC
checking if gcc PIC flag -fPIC -DPIC works... yes
checking if gcc static flag -static works... yes
checking if gcc supports -c -o file.o... yes
checking if gcc supports -c -o file.o... (cached) yes
checking whether the gcc linker (/usr/bin/ld -m elf_x86_64) supports shared libraries... yes
checking whether -lc should be explicitly linked in... no
checking dynamic linker characteristics... GNU/Linux ld.so
checking how to hardcode library paths into programs... immediate
checking whether stripping libraries is possible... yes
checking if libtool supports shared libraries... yes
checking whether to build shared libraries... yes
checking whether to build static libraries... yes
checking how to run the C++ preprocessor... mpic++ -E
checking for ld used by mpic++... /usr/bin/ld -m elf_x86_64
checking if the linker (/usr/bin/ld -m elf_x86_64) is GNU ld... yes
checking whether the mpic++ linker (/usr/bin/ld -m elf_x86_64) supports shared libraries... yes
checking for mpic++ option to produce PIC... -fPIC -DPIC
checking if mpic++ PIC flag -fPIC -DPIC works... yes
checking if mpic++ static flag -static works... no
checking if mpic++ supports -c -o file.o... yes
checking if mpic++ supports -c -o file.o... (cached) yes
checking whether the mpic++ linker (/usr/bin/ld -m elf_x86_64) supports shared libraries... yes
checking dynamic linker characteristics... (cached) GNU/Linux ld.so
checking how to hardcode library paths into programs... immediate
checking for latex2html... no
configure: WARNING: Cannot find latex2html in your path!
checking for sin in -lm... yes
checking for fftw_plan_dft_1d in -lfftw3... yes
checking for g77... no
checking for xlf... no
checking for f77... f77
checking whether we are using the GNU Fortran 77 compiler... yes
checking whether f77 accepts -g... yes
checking whether we are using the GNU Fortran 77 compiler... (cached) yes
checking whether f77 accepts -g... (cached) yes
checking if libtool supports shared libraries... yes
checking whether to build shared libraries... yes
checking whether to build static libraries... yes
checking for f77 option to produce PIC... -fPIC
checking if f77 PIC flag -fPIC works... yes
checking if f77 static flag -static works... yes
checking if f77 supports -c -o file.o... yes
checking if f77 supports -c -o file.o... (cached) yes
checking whether the f77 linker (/usr/bin/ld -m elf_x86_64) supports shared libraries... yes
checking dynamic linker characteristics... (cached) GNU/Linux ld.so
checking how to hardcode library paths into programs... immediate
checking how to get verbose linking output from f77... configure: WARNING: cannot determine how to obtain linking information from f77

checking for Fortran 77 libraries of f77... 
checking for dummy main to link with Fortran 77 libraries... none
checking for Fortran 77 name-mangling scheme... lower case, underscore, extra underscore
checking for sgemm_... no
checking for ATL_xerbla in -latlas... yes
checking for sgemm_ in -lf77blas... yes
checking for cblas_dgemm in -lcblas... yes
checking for cheev_... no
checking for cheev_ in -llapack... yes
checking for pkg-config... /usr/bin/pkg-config
checking for harminv >= 1.1... yes
checking HARMINV_CFLAGS...  
checking HARMINV_LIBS... -lharminv  
checking mpb.h usability... no
checking mpb.h presence... no
checking for mpb.h... no
checking for cblas_cgemm... yes
checking for gsl_sf_bessel_Jn in -lgsl... yes
checking for deflate in -lz... yes
checking for H5Pcreate in -lhdf5... no
configure: WARNING: Couldn't find the HDF5 library!!  Switching to --without-hdf5.
checking for H5Pset_mpi... no
checking for H5Pset_fapl_mpio... no
checking for mpirun... mpirun
checking for guile-config... guile-config
checking if linking to guile works... yes
checking libguile.h usability... yes
checking libguile.h presence... yes
checking for libguile.h... yes
checking guile/gh.h usability... no
checking guile/gh.h presence... no
checking for guile/gh.h... no
checking for scm_make_smob_type... yes
checking for SCM_SMOB_PREDICATE... no
checking for SCM_SMOB_DATA... no
checking for SCM_NEWSMOB... no
checking how to activate readline in Guile... ice-9 readline
checking for libctl dir... configure: error: could not find libctl files; use --with-libctl=<dir>
make: *** No targets specified and no makefile found.  Stop.
Reading package lists...
Building dependency tree...
Reading state information...
python-numpy is already the newest version.
python-matplotlib is already the newest version.
python-scipy is already the newest version.
python-dev is already the newest version.
The following packages were automatically installed and are no longer required:
  libproj0 cmake-data libboost-python1.46.1 python-pycuda-headers
  nvidia-opencl-dev libjs-underscore libgrib-api-1.9.9 python-pytools
  proj-data python-pycuda-doc nvidia-cuda-doc nvidia-cuda-gdb opencl-headers
  nvidia-compute-profiler libxmlrpc-core-c3 libjs-sphinxdoc
Use 'apt-get autoremove' to remove them.
0 upgraded, 0 newly installed, 0 to remove and 417 not upgraded.
Directories for SWIG -I option :  ['/usr/local/include']
Directories for -L option :  ['/usr/local/lib']
running clean
'build/lib.linux-x86_64-2.7' does not exist -- can't clean it
'build/bdist.linux-x86_64' does not exist -- can't clean it
'build/scripts-2.7' does not exist -- can't clean it
Directories for SWIG -I option :  ['/usr/local/include']
Directories for -L option :  ['/usr/local/lib']
running build_ext
building '_meep_mpi' extension
swigging meep_mpi.i to meep_mpi_wrap.cpp
swig -python -c++ -w503,389,302,362,314,509,451 -I/usr/local/include -o meep_mpi_wrap.cpp meep_mpi.i
meep_common.i:87: Error: Unable to find 'meep/mympi.hpp'
meep_common.i:88: Error: Unable to find 'meep/vec.hpp'
meep_common.i:89: Error: Unable to find 'meep.hpp'
error: command 'swig' failed with exit status 1
Directories for SWIG -I option :  ['/usr/local/include']
Directories for -L option :  ['/usr/local/lib']
running install
running build
running build_py
file meep_mpi.py (for module meep_mpi) not found
file meep_mpi.py (for module meep_mpi) not found
running build_ext
building '_meep_mpi' extension
swigging meep_mpi.i to meep_mpi_wrap.cpp
swig -python -c++ -w503,389,302,362,314,509,451 -I/usr/local/include -o meep_mpi_wrap.cpp meep_mpi.i
meep_common.i:87: Error: Unable to find 'meep/mympi.hpp'
meep_common.i:88: Error: Unable to find 'meep/vec.hpp'
meep_common.i:89: Error: Unable to find 'meep.hpp'
error: command 'swig' failed with exit status 1
Directories for SWIG -I option :  ['/usr/local/include']
Directories for -L option :  ['/usr/local/lib']
running bdist
running bdist_dumb
running build
running build_py
file meep_mpi.py (for module meep_mpi) not found
file meep_mpi.py (for module meep_mpi) not found
running build_ext
building '_meep_mpi' extension
swigging meep_mpi.i to meep_mpi_wrap.cpp
swig -python -c++ -w503,389,302,362,314,509,451 -I/usr/local/include -o meep_mpi_wrap.cpp meep_mpi.i
meep_common.i:87: Error: Unable to find 'meep/mympi.hpp'
meep_common.i:88: Error: Unable to find 'meep/vec.hpp'
meep_common.i:89: Error: Unable to find 'meep.hpp'
error: command 'swig' failed with exit status 1

