Ign http://cz.archive.ubuntu.com vivid InRelease
Ign http://cz.archive.ubuntu.com vivid-updates InRelease
Ign http://cz.archive.ubuntu.com vivid-backports InRelease
Hit http://cz.archive.ubuntu.com vivid Release.gpg
Get:1 http://cz.archive.ubuntu.com vivid-updates Release.gpg [933 B]
Hit http://cz.archive.ubuntu.com vivid-backports Release.gpg
Hit http://cz.archive.ubuntu.com vivid Release
Get:2 http://cz.archive.ubuntu.com vivid-updates Release [63,5 kB]
Hit http://cz.archive.ubuntu.com vivid-backports Release
Hit http://cz.archive.ubuntu.com vivid/main Sources
Ign http://repo.palatinus.cz  InRelease
Hit http://cz.archive.ubuntu.com vivid/restricted Sources
Hit http://cz.archive.ubuntu.com vivid/universe Sources
Hit http://cz.archive.ubuntu.com vivid/multiverse Sources
Hit http://cz.archive.ubuntu.com vivid/main amd64 Packages
Hit http://cz.archive.ubuntu.com vivid/restricted amd64 Packages
Hit http://cz.archive.ubuntu.com vivid/universe amd64 Packages
Hit http://cz.archive.ubuntu.com vivid/multiverse amd64 Packages
Hit http://cz.archive.ubuntu.com vivid/main i386 Packages
Hit http://cz.archive.ubuntu.com vivid/restricted i386 Packages
Hit http://repo.palatinus.cz  Release.gpg
Hit http://cz.archive.ubuntu.com vivid/universe i386 Packages
Hit http://cz.archive.ubuntu.com vivid/multiverse i386 Packages
Hit http://cz.archive.ubuntu.com vivid/main Translation-en
Hit http://cz.archive.ubuntu.com vivid/multiverse Translation-en
Hit http://cz.archive.ubuntu.com vivid/restricted Translation-en
Hit http://cz.archive.ubuntu.com vivid/universe Translation-en
Get:3 http://cz.archive.ubuntu.com vivid-updates/main Sources [34,0 kB]
Ign http://ppa.launchpad.net vivid InRelease
Get:4 http://cz.archive.ubuntu.com vivid-updates/restricted Sources [28 B]
Get:5 http://cz.archive.ubuntu.com vivid-updates/universe Sources [14,8 kB]
Hit http://repo.palatinus.cz  Release
Get:6 http://cz.archive.ubuntu.com vivid-updates/multiverse Sources [1 957 B]
Get:7 http://cz.archive.ubuntu.com vivid-updates/main amd64 Packages [78,4 kB]
Get:8 http://cz.archive.ubuntu.com vivid-updates/restricted amd64 Packages [28 B]
Get:9 http://cz.archive.ubuntu.com vivid-updates/universe amd64 Packages [44,1 kB]
Get:10 http://cz.archive.ubuntu.com vivid-updates/multiverse amd64 Packages [3 494 B]
Get:11 http://cz.archive.ubuntu.com vivid-updates/main i386 Packages [78,4 kB]
Hit http://ppa.launchpad.net vivid Release.gpg
Get:12 http://cz.archive.ubuntu.com vivid-updates/restricted i386 Packages [28 B]
Get:13 http://cz.archive.ubuntu.com vivid-updates/universe i386 Packages [44,0 kB]
Hit http://repo.palatinus.cz  Packages
Get:14 http://cz.archive.ubuntu.com vivid-updates/multiverse i386 Packages [3 680 B]
Hit http://ppa.launchpad.net vivid Release
Hit http://cz.archive.ubuntu.com vivid-updates/main Translation-en
Hit http://cz.archive.ubuntu.com vivid-updates/multiverse Translation-en
Hit http://cz.archive.ubuntu.com vivid-updates/restricted Translation-en
Hit http://cz.archive.ubuntu.com vivid-updates/universe Translation-en
Hit http://cz.archive.ubuntu.com vivid-backports/main Sources
Hit http://cz.archive.ubuntu.com vivid-backports/restricted Sources
Hit http://cz.archive.ubuntu.com vivid-backports/universe Sources
Hit http://cz.archive.ubuntu.com vivid-backports/multiverse Sources
Hit http://ppa.launchpad.net vivid/main amd64 Packages
Hit http://cz.archive.ubuntu.com vivid-backports/main amd64 Packages
Hit http://cz.archive.ubuntu.com vivid-backports/restricted amd64 Packages
Hit http://cz.archive.ubuntu.com vivid-backports/universe amd64 Packages
Hit http://cz.archive.ubuntu.com vivid-backports/multiverse amd64 Packages
Hit http://cz.archive.ubuntu.com vivid-backports/main i386 Packages
Hit http://cz.archive.ubuntu.com vivid-backports/restricted i386 Packages
Hit http://cz.archive.ubuntu.com vivid-backports/universe i386 Packages
Hit http://cz.archive.ubuntu.com vivid-backports/multiverse i386 Packages
Hit http://cz.archive.ubuntu.com vivid-backports/main Translation-en
Hit http://ppa.launchpad.net vivid/main i386 Packages
Hit http://cz.archive.ubuntu.com vivid-backports/multiverse Translation-en
Hit http://cz.archive.ubuntu.com vivid-backports/restricted Translation-en
Hit http://cz.archive.ubuntu.com vivid-backports/universe Translation-en
Hit http://ppa.launchpad.net vivid/main Translation-en
Ign http://security.ubuntu.com vivid-security InRelease
Get:15 http://security.ubuntu.com vivid-security Release.gpg [933 B]
Ign http://repo.palatinus.cz  Translation-en_US
Ign http://repo.palatinus.cz  Translation-en
Get:16 http://security.ubuntu.com vivid-security Release [63,5 kB]
Get:17 http://security.ubuntu.com vivid-security/main Sources [17,4 kB]
Get:18 http://security.ubuntu.com vivid-security/restricted Sources [28 B]
Get:19 http://security.ubuntu.com vivid-security/universe Sources [7 113 B]
Get:20 http://security.ubuntu.com vivid-security/multiverse Sources [1 957 B]
Get:21 http://security.ubuntu.com vivid-security/main amd64 Packages [46,0 kB]
Get:22 http://security.ubuntu.com vivid-security/restricted amd64 Packages [28 B]
Get:23 http://security.ubuntu.com vivid-security/universe amd64 Packages [20,0 kB]
Get:24 http://security.ubuntu.com vivid-security/multiverse amd64 Packages [3 494 B]
Get:25 http://security.ubuntu.com vivid-security/main i386 Packages [45,5 kB]
Get:26 http://security.ubuntu.com vivid-security/restricted i386 Packages [28 B]
Get:27 http://security.ubuntu.com vivid-security/universe i386 Packages [20,0 kB]
Get:28 http://security.ubuntu.com vivid-security/multiverse i386 Packages [3 680 B]
Hit http://security.ubuntu.com vivid-security/main Translation-en
Hit http://security.ubuntu.com vivid-security/multiverse Translation-en
Hit http://security.ubuntu.com vivid-security/restricted Translation-en
Hit http://security.ubuntu.com vivid-security/universe Translation-en
Fetched 597 kB in 2s (201 kB/s)
Reading package lists...
Reading package lists...
Building dependency tree...
Reading state information...
autoconf is already the newest version.
autotools-dev is already the newest version.
chrpath is already the newest version.
debhelper is already the newest version.
g++ is already the newest version.
gfortran is already the newest version.
git is already the newest version.
guile-2.0-dev is already the newest version.
imagemagick is already the newest version.
libfftw3-dev is already the newest version.
libgsl0-dev is already the newest version.
liblapack-dev is already the newest version.
libtool is already the newest version.
pkg-config is already the newest version.
swig is already the newest version.
zlib1g-dev is already the newest version.
h5utils is already the newest version.
libatlas-base-dev is already the newest version.
libharminv-dev is already the newest version.
0 upgraded, 0 newly installed, 0 to remove and 0 not upgraded.
Reading package lists...
Building dependency tree...
Reading state information...
libhdf5-openmpi-dev is already the newest version.
libopenmpi-dev is already the newest version.
openmpi-bin is already the newest version.
0 upgraded, 0 newly installed, 0 to remove and 0 not upgraded.
libtoolize: putting auxiliary files in `.'.
libtoolize: linking file `./ltmain.sh'
libtoolize: putting macros in AC_CONFIG_MACRO_DIR, `m4'.
libtoolize: linking file `m4/libtool.m4'
libtoolize: linking file `m4/ltoptions.m4'
libtoolize: linking file `m4/ltsugar.m4'
libtoolize: linking file `m4/ltversion.m4'
libtoolize: linking file `m4/lt~obsolete.m4'
libtoolize: putting auxiliary files in `.'.
libtoolize: linking file `./ltmain.sh'
libtoolize: putting macros in AC_CONFIG_MACRO_DIR, `m4'.
libtoolize: linking file `m4/libtool.m4'
libtoolize: linking file `m4/ltoptions.m4'
libtoolize: linking file `m4/ltsugar.m4'
libtoolize: linking file `m4/ltversion.m4'
libtoolize: linking file `m4/lt~obsolete.m4'
