Ign http://ppa.launchpad.net oneiric InRelease
Ign http://ppa.launchpad.net oneiric InRelease
Cíl http://ppa.launchpad.net oneiric Release.gpg
Cíl http://ppa.launchpad.net oneiric Release.gpg
Cíl http://ppa.launchpad.net oneiric Release
Cíl http://ppa.launchpad.net oneiric Release
Ign http://old-releases.ubuntu.com oneiric InRelease
Cíl http://ppa.launchpad.net oneiric/main Sources
Cíl http://ppa.launchpad.net oneiric/main i386 Packages
Ign http://ppa.launchpad.net oneiric/main TranslationIndex
Cíl http://ppa.launchpad.net oneiric/main Sources
Cíl http://ppa.launchpad.net oneiric/main i386 Packages
Ign http://ppa.launchpad.net oneiric/main TranslationIndex
Cíl http://old-releases.ubuntu.com oneiric Release.gpg
Cíl http://old-releases.ubuntu.com oneiric Release
Ign http://ppa.launchpad.net oneiric/main Translation-cs_CZ
Ign http://ppa.launchpad.net oneiric/main Translation-cs
Ign http://ppa.launchpad.net oneiric/main Translation-en
Ign http://ppa.launchpad.net oneiric/main Translation-cs_CZ
Cíl http://old-releases.ubuntu.com oneiric/main Sources
Ign http://ppa.launchpad.net oneiric/main Translation-cs
Ign http://ppa.launchpad.net oneiric/main Translation-en
Cíl http://old-releases.ubuntu.com oneiric/restricted Sources
Cíl http://old-releases.ubuntu.com oneiric/universe Sources
Cíl http://old-releases.ubuntu.com oneiric/multiverse Sources
Cíl http://old-releases.ubuntu.com oneiric/main i386 Packages
Cíl http://old-releases.ubuntu.com oneiric/restricted i386 Packages
Cíl http://old-releases.ubuntu.com oneiric/universe i386 Packages
Cíl http://old-releases.ubuntu.com oneiric/multiverse i386 Packages
Cíl http://old-releases.ubuntu.com oneiric/main TranslationIndex
Cíl http://old-releases.ubuntu.com oneiric/multiverse TranslationIndex
Cíl http://old-releases.ubuntu.com oneiric/restricted TranslationIndex
Cíl http://old-releases.ubuntu.com oneiric/universe TranslationIndex
Cíl http://old-releases.ubuntu.com oneiric/main Translation-cs
Cíl http://old-releases.ubuntu.com oneiric/main Translation-en
Cíl http://old-releases.ubuntu.com oneiric/multiverse Translation-cs
Cíl http://old-releases.ubuntu.com oneiric/multiverse Translation-en
Cíl http://old-releases.ubuntu.com oneiric/restricted Translation-en
Ign http://developer.download.nvidia.com  InRelease
Cíl http://old-releases.ubuntu.com oneiric/universe Translation-cs
Cíl http://old-releases.ubuntu.com oneiric/universe Translation-en
Cíl http://developer.download.nvidia.com  Release.gpg
Cíl http://developer.download.nvidia.com  Release
Cíl http://developer.download.nvidia.com  Packages
Ign http://developer.download.nvidia.com  Translation-cs_CZ
Ign http://developer.download.nvidia.com  Translation-cs
Ign http://developer.download.nvidia.com  Translation-en
Čtu seznamy balíků...
Čtu seznamy balíků...
Vytvářím strom závislostí...
Čtu stavové informace...
checking whether to enable maintainer-specific portions of Makefiles... no
checking for a BSD-compatible install... /usr/bin/install -c
checking whether build environment is sane... yes
checking for a thread-safe mkdir -p... /bin/mkdir -p
checking for gawk... gawk
checking whether make sets $(MAKE)... yes
checking build system type... i686-pc-linux-gnu
checking host system type... i686-pc-linux-gnu
checking how to print strings... printf
checking for style of include used by make... GNU
checking for gcc... gcc
checking whether the C compiler works... yes
checking for C compiler default output file name... a.out
checking for suffix of executables... 
checking whether we are cross compiling... no
checking for suffix of object files... o
checking whether we are using the GNU C compiler... yes
checking whether gcc accepts -g... yes
checking for gcc option to accept ISO C89... none needed
checking dependency style of gcc... gcc3
checking for a sed that does not truncate output... /bin/sed
checking for grep that handles long lines and -e... /bin/grep
checking for egrep... /bin/grep -E
checking for fgrep... /bin/grep -F
checking for ld used by gcc... /usr/bin/ld
checking if the linker (/usr/bin/ld) is GNU ld... yes
checking for BSD- or MS-compatible name lister (nm)... /usr/bin/nm -B
checking the name lister (/usr/bin/nm -B) interface... BSD nm
checking whether ln -s works... yes
checking the maximum length of command line arguments... 1572864
checking whether the shell understands some XSI constructs... yes
checking whether the shell understands "+="... yes
checking how to convert i686-pc-linux-gnu file names to i686-pc-linux-gnu format... func_convert_file_noop
checking how to convert i686-pc-linux-gnu file names to toolchain format... func_convert_file_noop
checking for /usr/bin/ld option to reload object files... -r
checking for objdump... objdump
checking how to recognize dependent libraries... pass_all
checking for dlltool... no
checking how to associate runtime and link libraries... printf %s\n
checking for ar... ar
checking for archiver @FILE support... @
checking for strip... strip
checking for ranlib... ranlib
checking command to parse /usr/bin/nm -B output from gcc object... ok
checking for sysroot... no
checking for mt... mt
checking if mt is a manifest tool... no
checking how to run the C preprocessor... gcc -E
checking for ANSI C header files... yes
checking for sys/types.h... yes
checking for sys/stat.h... yes
checking for stdlib.h... yes
checking for string.h... yes
checking for memory.h... yes
checking for strings.h... yes
checking for inttypes.h... yes
checking for stdint.h... yes
checking for unistd.h... yes
checking for dlfcn.h... yes
checking for objdir... .libs
checking if gcc supports -fno-rtti -fno-exceptions... no
checking for gcc option to produce PIC... -fPIC -DPIC
checking if gcc PIC flag -fPIC -DPIC works... yes
checking if gcc static flag -static works... yes
checking if gcc supports -c -o file.o... yes
checking if gcc supports -c -o file.o... (cached) yes
checking whether the gcc linker (/usr/bin/ld) supports shared libraries... yes
checking dynamic linker characteristics... GNU/Linux ld.so
checking how to hardcode library paths into programs... immediate
checking whether stripping libraries is possible... yes
checking if libtool supports shared libraries... yes
checking whether to build shared libraries... no
checking whether to build static libraries... yes
checking for gcc... (cached) gcc
checking whether we are using the GNU C compiler... (cached) yes
checking whether gcc accepts -g... (cached) yes
checking for gcc option to accept ISO C89... (cached) none needed
checking dependency style of gcc... (cached) gcc3
checking whether gcc and cc understand -c and -o together... yes
checking for indent... no
checking for gindent... no
checking for ANSI C header files... (cached) yes
checking for guile... guile
checking for guile-config... guile-config
checking if linking to guile works... yes
checking libguile.h usability... yes
checking libguile.h presence... yes
checking for libguile.h... yes
checking guile/gh.h usability... yes
checking guile/gh.h presence... yes
checking for guile/gh.h... yes
checking for modern non-gh interface... yes
checking for gh_enter... yes
checking for gh_eval_str... yes
checking for gh_load... yes
checking for gh_bool2scm... yes
checking for gh_vector_ref... yes
checking for gh_list_ref... yes
checking for gh_length... yes
checking for scm_flush_all_ports... yes
checking for scm_make_complex... yes
checking for scm_c_make_rectangular... yes
checking for scm_variable_set_x... yes
checking for scm_c_lookup... yes
checking for scm_c_make_vector... yes
checking for scm_variable_ref... yes
checking for SCM_COMPLEXP... yes
checking whether gh_lookup works properly... yes
checking for g77... no
checking for xlf... no
checking for f77... no
checking for frt... no
checking for pgf77... no
checking for cf77... no
checking for fort77... no
checking for fl32... no
checking for af77... no
checking for xlf90... no
checking for f90... no
checking for pgf90... no
checking for pghpf... no
checking for epcf90... no
checking for gfortran... gfortran
checking whether we are using the GNU Fortran 77 compiler... yes
checking whether gfortran accepts -g... yes
checking if libtool supports shared libraries... yes
checking whether to build shared libraries... no
checking whether to build static libraries... yes
checking for gfortran option to produce PIC... -fPIC
checking if gfortran PIC flag -fPIC works... yes
checking if gfortran static flag -static works... yes
checking if gfortran supports -c -o file.o... yes
checking if gfortran supports -c -o file.o... (cached) yes
checking whether the gfortran linker (/usr/bin/ld) supports shared libraries... yes
checking dynamic linker characteristics... (cached) GNU/Linux ld.so
checking how to hardcode library paths into programs... immediate
checking how to get verbose linking output from gfortran... -v
checking for Fortran 77 libraries of gfortran...  -L/usr/lib/gcc/i686-linux-gnu/4.6.1 -L/usr/lib/gcc/i686-linux-gnu/4.6.1/../../../i386-linux-gnu -L/usr/lib/gcc/i686-linux-gnu/4.6.1/../../../../lib -L/lib/i386-linux-gnu -L/lib/../lib -L/usr/lib/i386-linux-gnu -L/usr/lib/../lib -L/usr/lib/gcc/i686-linux-gnu/4.6.1/../../.. -lgfortran -lm -lguile -lltdl -lgmp -lcrypt -lquadmath -lpthread
checking for dummy main to link with Fortran 77 libraries... none
checking for Fortran 77 name-mangling scheme... lower case, underscore, no extra underscore
checking complex.h usability... yes
checking complex.h presence... yes
checking for complex.h... yes
checking for C complex keyword... complex
checking for egrep... (cached) /bin/grep -E
checking nlopt.h usability... no
checking nlopt.h presence... no
checking for nlopt.h... no
checking for basename in -lgen... no
configure: creating ./config.status
config.status: creating Makefile
config.status: creating src/Makefile
config.status: creating utils/Makefile
config.status: creating examples/Makefile
config.status: creating examples/example.scm
config.status: creating utils/gen-ctl-io
config.status: creating config.h
config.status: creating src/ctl.h
config.status: executing depfiles commands
config.status: executing libtool commands
make  all-recursive
make[1]: Entering directory `/home/filip/python-meep-install/libctl-3.2.1'
Making all in src
make[2]: Entering directory `/home/filip/python-meep-install/libctl-3.2.1/src'
make  all-am
make[3]: Entering directory `/home/filip/python-meep-install/libctl-3.2.1/src'
/bin/bash ../libtool --tag=CC   --mode=compile gcc -DHAVE_CONFIG_H -I. -I..   -pthread  -g -O2 -MT ctl.lo -MD -MP -MF .deps/ctl.Tpo -c -o ctl.lo ctl.c
libtool: compile:  gcc -DHAVE_CONFIG_H -I. -I.. -pthread -g -O2 -MT ctl.lo -MD -MP -MF .deps/ctl.Tpo -c ctl.c -o ctl.o
mv -f .deps/ctl.Tpo .deps/ctl.Plo
/bin/bash ../libtool --tag=CC   --mode=compile gcc -DHAVE_CONFIG_H -I. -I..   -pthread  -g -O2 -MT subplex.lo -MD -MP -MF .deps/subplex.Tpo -c -o subplex.lo subplex.c
libtool: compile:  gcc -DHAVE_CONFIG_H -I. -I.. -pthread -g -O2 -MT subplex.lo -MD -MP -MF .deps/subplex.Tpo -c subplex.c -o subplex.o
mv -f .deps/subplex.Tpo .deps/subplex.Plo
/bin/bash ../libtool --tag=CC   --mode=compile gcc -DHAVE_CONFIG_H -I. -I..   -pthread  -g -O2 -MT ctl-f77-glue.lo -MD -MP -MF .deps/ctl-f77-glue.Tpo -c -o ctl-f77-glue.lo ctl-f77-glue.c
libtool: compile:  gcc -DHAVE_CONFIG_H -I. -I.. -pthread -g -O2 -MT ctl-f77-glue.lo -MD -MP -MF .deps/ctl-f77-glue.Tpo -c ctl-f77-glue.c -o ctl-f77-glue.o
mv -f .deps/ctl-f77-glue.Tpo .deps/ctl-f77-glue.Plo
/bin/bash ../libtool --tag=CC   --mode=compile gcc -DHAVE_CONFIG_H -I. -I..   -pthread  -g -O2 -MT integrator.lo -MD -MP -MF .deps/integrator.Tpo -c -o integrator.lo integrator.c
libtool: compile:  gcc -DHAVE_CONFIG_H -I. -I.. -pthread -g -O2 -MT integrator.lo -MD -MP -MF .deps/integrator.Tpo -c integrator.c -o integrator.o
mv -f .deps/integrator.Tpo .deps/integrator.Plo
/bin/bash ../libtool --tag=CC   --mode=compile gcc -DHAVE_CONFIG_H -I. -I..   -pthread  -g -O2 -MT cintegrator.lo -MD -MP -MF .deps/cintegrator.Tpo -c -o cintegrator.lo cintegrator.c
libtool: compile:  gcc -DHAVE_CONFIG_H -I. -I.. -pthread -g -O2 -MT cintegrator.lo -MD -MP -MF .deps/cintegrator.Tpo -c cintegrator.c -o cintegrator.o
mv -f .deps/cintegrator.Tpo .deps/cintegrator.Plo
/bin/bash ../libtool --tag=CC   --mode=link gcc  -g -O2 -no-undefined -version-info 5:1:0  -o libctl.la -rpath /usr/local/lib ctl.lo subplex.lo ctl-f77-glue.lo integrator.lo cintegrator.lo  -lm  -pthread  -lguile -lltdl -Wl,-Bsymbolic-functions -lgmp -lcrypt -lm -lltdl
libtool: link: ar cru .libs/libctl.a  ctl.o subplex.o ctl-f77-glue.o integrator.o cintegrator.o
libtool: link: ranlib .libs/libctl.a
libtool: link: ( cd ".libs" && rm -f "libctl.la" && ln -s "../libctl.la" "libctl.la" )
make[3]: Leaving directory `/home/filip/python-meep-install/libctl-3.2.1/src'
make[2]: Leaving directory `/home/filip/python-meep-install/libctl-3.2.1/src'
Making all in utils
make[2]: Entering directory `/home/filip/python-meep-install/libctl-3.2.1/utils'
/home/filip/python-meep-install/libctl-3.2.1/utils/gen-ctl-io --code -o ctl-io.c ./geom.scm ..
sed 's,/.* Input variables .*/,@#include "geom-ctl-io-defaults.c"@#if 0@,;s,/.* Output variables .*/,#endif@,' ctl-io.c | tr '@' '\n' > geom-ctl-io.c
/home/filip/python-meep-install/libctl-3.2.1/utils/gen-ctl-io --header -o ctl-io.h ./geom.scm ..
cp -f ctl-io.h ctlgeom-types.h
make  all-am
make[3]: Entering directory `/home/filip/python-meep-install/libctl-3.2.1/utils'
/bin/bash ../libtool --tag=CC   --mode=compile gcc -DHAVE_CONFIG_H -I. -I.. -I../src   -pthread  -g -O2 -MT geom.lo -MD -MP -MF .deps/geom.Tpo -c -o geom.lo geom.c
libtool: compile:  gcc -DHAVE_CONFIG_H -I. -I.. -I../src -pthread -g -O2 -MT geom.lo -MD -MP -MF .deps/geom.Tpo -c geom.c -o geom.o
mv -f .deps/geom.Tpo .deps/geom.Plo
/bin/bash ../libtool --tag=CC   --mode=compile gcc -DHAVE_CONFIG_H -I. -I.. -I../src   -pthread  -g -O2 -MT geom-ctl-io.lo -MD -MP -MF .deps/geom-ctl-io.Tpo -c -o geom-ctl-io.lo geom-ctl-io.c
libtool: compile:  gcc -DHAVE_CONFIG_H -I. -I.. -I../src -pthread -g -O2 -MT geom-ctl-io.lo -MD -MP -MF .deps/geom-ctl-io.Tpo -c geom-ctl-io.c -o geom-ctl-io.o
mv -f .deps/geom-ctl-io.Tpo .deps/geom-ctl-io.Plo
/bin/bash ../libtool --tag=CC   --mode=link gcc  -g -O2 -version-info 5:1:0 ../src/libctl.la  -o libctlgeom.la -rpath /usr/local/lib geom.lo geom-ctl-io.lo  -lm  -pthread  -lguile -lltdl -Wl,-Bsymbolic-functions -lgmp -lcrypt -lm -lltdl
libtool: link: ar cru .libs/libctlgeom.a  geom.o geom-ctl-io.o
libtool: link: ranlib .libs/libctlgeom.a
libtool: link: ( cd ".libs" && rm -f "libctlgeom.la" && ln -s "../libctlgeom.la" "libctlgeom.la" )
gcc -DHAVE_CONFIG_H -I. -I.. -I../src   -pthread  -g -O2 -MT geomtst.o -MD -MP -MF .deps/geomtst.Tpo -c -o geomtst.o geomtst.c
mv -f .deps/geomtst.Tpo .deps/geomtst.Po
/bin/bash ../libtool --tag=CC   --mode=link gcc  -g -O2   -o geomtst geomtst.o libctlgeom.la ../src/libctl.la -lm  -pthread  -lguile -lltdl -Wl,-Bsymbolic-functions -lgmp -lcrypt -lm -lltdl
libtool: link: gcc -g -O2 -o geomtst geomtst.o -pthread -Wl,-Bsymbolic-functions  ./.libs/libctlgeom.a /home/filip/python-meep-install/libctl-3.2.1/src/.libs/libctl.a ../src/.libs/libctl.a -lguile /usr/lib/libgmp.so -lcrypt -lm /usr/lib/libltdl.so -ldl -pthread
make[3]: Leaving directory `/home/filip/python-meep-install/libctl-3.2.1/utils'
make[2]: Leaving directory `/home/filip/python-meep-install/libctl-3.2.1/utils'
Making all in examples
make[2]: Entering directory `/home/filip/python-meep-install/libctl-3.2.1/examples'
cp -f /home/filip/python-meep-install/libctl-3.2.1/./base/main.c main.c
cp -f /home/filip/python-meep-install/libctl-3.2.1/./utils/geom.c geom.c
/home/filip/python-meep-install/libctl-3.2.1/utils/gen-ctl-io --header -o ctl-io.h example.scm /home/filip/python-meep-install/libctl-3.2.1/.
/home/filip/python-meep-install/libctl-3.2.1/utils/gen-ctl-io --code -o ctl-io.c example.scm /home/filip/python-meep-install/libctl-3.2.1/.
make  all-am
make[3]: Entering directory `/home/filip/python-meep-install/libctl-3.2.1/examples'
gcc -DHAVE_CONFIG_H -I. -I.. -I../src    -DCTL_SCM='"'/home/filip/python-meep-install/libctl-3.2.1/./base/ctl.scm'"' -DINCLUDE_SCM='"'/home/filip/python-meep-install/libctl-3.2.1/./base/include.scm'"' -DSPEC_SCM='"'/usr/local/share/libctl/example.scm'"' -DVERSION_STRING='"'"example 3.2.1"'"' -I../utils -I../src -pthread  -g -O2 -MT example-example.o -MD -MP -MF .deps/example-example.Tpo -c -o example-example.o `test -f 'example.c' || echo './'`example.c
mv -f .deps/example-example.Tpo .deps/example-example.Po
gcc -DHAVE_CONFIG_H -I. -I.. -I../src    -DCTL_SCM='"'/home/filip/python-meep-install/libctl-3.2.1/./base/ctl.scm'"' -DINCLUDE_SCM='"'/home/filip/python-meep-install/libctl-3.2.1/./base/include.scm'"' -DSPEC_SCM='"'/usr/local/share/libctl/example.scm'"' -DVERSION_STRING='"'"example 3.2.1"'"' -I../utils -I../src -pthread  -g -O2 -MT example-main.o -MD -MP -MF .deps/example-main.Tpo -c -o example-main.o `test -f 'main.c' || echo './'`main.c
mv -f .deps/example-main.Tpo .deps/example-main.Po
gcc -DHAVE_CONFIG_H -I. -I.. -I../src    -DCTL_SCM='"'/home/filip/python-meep-install/libctl-3.2.1/./base/ctl.scm'"' -DINCLUDE_SCM='"'/home/filip/python-meep-install/libctl-3.2.1/./base/include.scm'"' -DSPEC_SCM='"'/usr/local/share/libctl/example.scm'"' -DVERSION_STRING='"'"example 3.2.1"'"' -I../utils -I../src -pthread  -g -O2 -MT example-geom.o -MD -MP -MF .deps/example-geom.Tpo -c -o example-geom.o `test -f 'geom.c' || echo './'`geom.c
mv -f .deps/example-geom.Tpo .deps/example-geom.Po
gcc -DHAVE_CONFIG_H -I. -I.. -I../src    -DCTL_SCM='"'/home/filip/python-meep-install/libctl-3.2.1/./base/ctl.scm'"' -DINCLUDE_SCM='"'/home/filip/python-meep-install/libctl-3.2.1/./base/include.scm'"' -DSPEC_SCM='"'/usr/local/share/libctl/example.scm'"' -DVERSION_STRING='"'"example 3.2.1"'"' -I../utils -I../src -pthread  -g -O2 -MT example-ctl-io.o -MD -MP -MF .deps/example-ctl-io.Tpo -c -o example-ctl-io.o `test -f 'ctl-io.c' || echo './'`ctl-io.c
mv -f .deps/example-ctl-io.Tpo .deps/example-ctl-io.Po
/bin/bash ../libtool --tag=CC   --mode=link gcc  -g -O2   -o example example-example.o example-main.o example-geom.o example-ctl-io.o  ../src/libctl.la  -lm  -pthread  -lguile -lltdl -Wl,-Bsymbolic-functions -lgmp -lcrypt -lm -lltdl
libtool: link: gcc -g -O2 -o example example-example.o example-main.o example-geom.o example-ctl-io.o -pthread -Wl,-Bsymbolic-functions  ../src/.libs/libctl.a -lguile /usr/lib/libgmp.so -lcrypt -lm /usr/lib/libltdl.so -ldl -pthread
make[3]: Leaving directory `/home/filip/python-meep-install/libctl-3.2.1/examples'
make[2]: Leaving directory `/home/filip/python-meep-install/libctl-3.2.1/examples'
make[2]: Entering directory `/home/filip/python-meep-install/libctl-3.2.1'
make[2]: Leaving directory `/home/filip/python-meep-install/libctl-3.2.1'
make[1]: Leaving directory `/home/filip/python-meep-install/libctl-3.2.1'
Making install in src
make[1]: Entering directory `/home/filip/python-meep-install/libctl-3.2.1/src'
make  install-am
make[2]: Entering directory `/home/filip/python-meep-install/libctl-3.2.1/src'
make[3]: Entering directory `/home/filip/python-meep-install/libctl-3.2.1/src'
test -z "/usr/local/lib" || /bin/mkdir -p "/usr/local/lib"
 /bin/bash ../libtool   --mode=install /usr/bin/install -c   libctl.la '/usr/local/lib'
libtool: install: /usr/bin/install -c .libs/libctl.lai /usr/local/lib/libctl.la
libtool: install: /usr/bin/install -c .libs/libctl.a /usr/local/lib/libctl.a
libtool: install: chmod 644 /usr/local/lib/libctl.a
libtool: install: ranlib /usr/local/lib/libctl.a
libtool: finish: PATH="/usr/local/sbin:/usr/local/bin:/usr/sbin:/usr/bin:/sbin:/bin:/usr/X11R6/bin:/sbin" ldconfig -n /usr/local/lib
----------------------------------------------------------------------
Libraries have been installed in:
   /usr/local/lib

If you ever happen to want to link against installed libraries
in a given directory, LIBDIR, you must either use libtool, and
specify the full pathname of the library, or use the `-LLIBDIR'
flag during linking and do at least one of the following:
   - add LIBDIR to the `LD_LIBRARY_PATH' environment variable
     during execution
   - add LIBDIR to the `LD_RUN_PATH' environment variable
     during linking
   - use the `-Wl,-rpath -Wl,LIBDIR' linker flag
   - have your system administrator add LIBDIR to `/etc/ld.so.conf'

See any operating system documentation about shared libraries for
more information, such as the ld(1) and ld.so(8) manual pages.
----------------------------------------------------------------------
test -z "/usr/local/include" || /bin/mkdir -p "/usr/local/include"
 /usr/bin/install -c -m 644 ctl.h '/usr/local/include'
make[3]: Leaving directory `/home/filip/python-meep-install/libctl-3.2.1/src'
make[2]: Leaving directory `/home/filip/python-meep-install/libctl-3.2.1/src'
make[1]: Leaving directory `/home/filip/python-meep-install/libctl-3.2.1/src'
Making install in utils
make[1]: Entering directory `/home/filip/python-meep-install/libctl-3.2.1/utils'
make  install-am
make[2]: Entering directory `/home/filip/python-meep-install/libctl-3.2.1/utils'
make[3]: Entering directory `/home/filip/python-meep-install/libctl-3.2.1/utils'
test -z "/usr/local/bin" || /bin/mkdir -p "/usr/local/bin"
 /usr/bin/install -c gen-ctl-io '/usr/local/bin'
test -z "/usr/local/lib" || /bin/mkdir -p "/usr/local/lib"
 /bin/bash ../libtool   --mode=install /usr/bin/install -c   libctlgeom.la '/usr/local/lib'
libtool: install: /usr/bin/install -c .libs/libctlgeom.lai /usr/local/lib/libctlgeom.la
libtool: install: /usr/bin/install -c .libs/libctlgeom.a /usr/local/lib/libctlgeom.a
libtool: install: chmod 644 /usr/local/lib/libctlgeom.a
libtool: install: ranlib /usr/local/lib/libctlgeom.a
libtool: finish: PATH="/usr/local/sbin:/usr/local/bin:/usr/sbin:/usr/bin:/sbin:/bin:/usr/X11R6/bin:/sbin" ldconfig -n /usr/local/lib
----------------------------------------------------------------------
Libraries have been installed in:
   /usr/local/lib

If you ever happen to want to link against installed libraries
in a given directory, LIBDIR, you must either use libtool, and
specify the full pathname of the library, or use the `-LLIBDIR'
flag during linking and do at least one of the following:
   - add LIBDIR to the `LD_LIBRARY_PATH' environment variable
     during execution
   - add LIBDIR to the `LD_RUN_PATH' environment variable
     during linking
   - use the `-Wl,-rpath -Wl,LIBDIR' linker flag
   - have your system administrator add LIBDIR to `/etc/ld.so.conf'

See any operating system documentation about shared libraries for
more information, such as the ld(1) and ld.so(8) manual pages.
----------------------------------------------------------------------
test -z "/usr/local/include" || /bin/mkdir -p "/usr/local/include"
 /usr/bin/install -c -m 644 ctlgeom.h '/usr/local/include'
test -z "/usr/local/share/man/man1" || /bin/mkdir -p "/usr/local/share/man/man1"
 /usr/bin/install -c -m 644 gen-ctl-io.1 '/usr/local/share/man/man1'
test -z "/usr/local/include" || /bin/mkdir -p "/usr/local/include"
 /usr/bin/install -c -m 644 ctlgeom-types.h '/usr/local/include'
make[3]: Leaving directory `/home/filip/python-meep-install/libctl-3.2.1/utils'
make[2]: Leaving directory `/home/filip/python-meep-install/libctl-3.2.1/utils'
make[1]: Leaving directory `/home/filip/python-meep-install/libctl-3.2.1/utils'
Making install in examples
make[1]: Entering directory `/home/filip/python-meep-install/libctl-3.2.1/examples'
make  install-am
make[2]: Entering directory `/home/filip/python-meep-install/libctl-3.2.1/examples'
make[3]: Entering directory `/home/filip/python-meep-install/libctl-3.2.1/examples'
make[3]: Nothing to be done for `install-exec-am'.
make[3]: Nothing to be done for `install-data-am'.
make[3]: Leaving directory `/home/filip/python-meep-install/libctl-3.2.1/examples'
make[2]: Leaving directory `/home/filip/python-meep-install/libctl-3.2.1/examples'
make[1]: Leaving directory `/home/filip/python-meep-install/libctl-3.2.1/examples'
make[1]: Entering directory `/home/filip/python-meep-install/libctl-3.2.1'
make[2]: Entering directory `/home/filip/python-meep-install/libctl-3.2.1'
make[2]: Nothing to be done for `install-exec-am'.
test -z "/usr/local/share/libctl" || /bin/mkdir -p "/usr/local/share/libctl"
/bin/mkdir -p '/usr/local/share/libctl/base'
 /usr/bin/install -c -m 644  base/class.scm base/ctl.scm base/extern-funcs.scm base/help.scm base/include.scm base/interaction.scm base/io-vars.scm base/math-utils.scm base/matrix3x3.scm base/simplex.scm base/utils.scm base/vector3.scm base/main.c '/usr/local/share/libctl/base'
/bin/mkdir -p '/usr/local/share/libctl/utils'
 /usr/bin/install -c -m 644  utils/ctl-io.scm utils/geom.c utils/geom.scm utils/nlopt-constants.scm utils/nlopt.c '/usr/local/share/libctl/utils'
make[2]: Leaving directory `/home/filip/python-meep-install/libctl-3.2.1'
make[1]: Leaving directory `/home/filip/python-meep-install/libctl-3.2.1'
Čtu seznamy balíků...
Vytvářím strom závislostí...
Čtu stavové informace...
libopenmpi-dev je již nejnovější verze.
openmpi-bin je již nejnovější verze.
0 aktualizováno, 0 nově instalováno, 0 k odstranění a 6 neaktualizováno.
Cloning into meep...
libtoolize: putting auxiliary files in `.'.
libtoolize: linking file `./config.guess'
libtoolize: linking file `./config.sub'
libtoolize: linking file `./install-sh'
libtoolize: linking file `./ltmain.sh'
libtoolize: putting macros in AC_CONFIG_MACRO_DIR, `m4'.
libtoolize: linking file `m4/libtool.m4'
libtoolize: linking file `m4/ltoptions.m4'
libtoolize: linking file `m4/ltsugar.m4'
libtoolize: linking file `m4/ltversion.m4'
libtoolize: linking file `m4/lt~obsolete.m4'
libtoolize: putting auxiliary files in `.'.
libtoolize: linking file `./config.guess'
libtoolize: linking file `./config.sub'
libtoolize: linking file `./install-sh'
libtoolize: linking file `./ltmain.sh'
libtoolize: putting macros in AC_CONFIG_MACRO_DIR, `m4'.
libtoolize: linking file `m4/libtool.m4'
libtoolize: linking file `m4/ltoptions.m4'
libtoolize: linking file `m4/ltsugar.m4'
libtoolize: linking file `m4/ltversion.m4'
libtoolize: linking file `m4/lt~obsolete.m4'
libtoolize: putting auxiliary files in `.'.
libtoolize: linking file `./config.guess'
libtoolize: linking file `./config.sub'
libtoolize: linking file `./install-sh'
libtoolize: linking file `./ltmain.sh'
libtoolize: putting macros in AC_CONFIG_MACRO_DIR, `m4'.
libtoolize: linking file `m4/libtool.m4'
libtoolize: linking file `m4/ltoptions.m4'
libtoolize: linking file `m4/ltsugar.m4'
libtoolize: linking file `m4/ltversion.m4'
libtoolize: linking file `m4/lt~obsolete.m4'
checking for a BSD-compatible install... /usr/bin/install -c
checking whether build environment is sane... yes
checking for a thread-safe mkdir -p... /bin/mkdir -p
checking for gawk... gawk
checking whether make sets $(MAKE)... yes
checking whether to enable maintainer-specific portions of Makefiles... yes
checking for g++... g++
checking whether the C++ compiler works... yes
checking for C++ compiler default output file name... a.out
checking for suffix of executables... 
checking whether we are cross compiling... no
checking for suffix of object files... o
checking whether we are using the GNU C++ compiler... yes
checking whether g++ accepts -g... yes
checking for style of include used by make... GNU
checking dependency style of g++... gcc3
checking for mpic++... mpic++
checking for MPI_Init... yes
checking for mpi.h... yes
checking for extra flag needed to combine stdio.h and mpi.h... none
checking build system type... i686-pc-linux-gnu
checking host system type... i686-pc-linux-gnu
checking for gcc... gcc
checking whether we are using the GNU C compiler... yes
checking whether gcc accepts -g... yes
checking for gcc option to accept ISO C89... none needed
checking dependency style of gcc... gcc3
checking for C++ compiler vendor... gnu
checking how to print strings... printf
checking for a sed that does not truncate output... /bin/sed
checking for grep that handles long lines and -e... /bin/grep
checking for egrep... /bin/grep -E
checking for fgrep... /bin/grep -F
checking for ld used by gcc... /usr/bin/ld
checking if the linker (/usr/bin/ld) is GNU ld... yes
checking for BSD- or MS-compatible name lister (nm)... /usr/bin/nm -B
checking the name lister (/usr/bin/nm -B) interface... BSD nm
checking whether ln -s works... yes
checking the maximum length of command line arguments... 1572864
checking whether the shell understands some XSI constructs... yes
checking whether the shell understands "+="... yes
checking how to convert i686-pc-linux-gnu file names to i686-pc-linux-gnu format... func_convert_file_noop
checking how to convert i686-pc-linux-gnu file names to toolchain format... func_convert_file_noop
checking for /usr/bin/ld option to reload object files... -r
checking for objdump... objdump
checking how to recognize dependent libraries... pass_all
checking for dlltool... no
checking how to associate runtime and link libraries... printf %s\n
checking for ar... ar
checking for archiver @FILE support... @
checking for strip... strip
checking for ranlib... ranlib
checking command to parse /usr/bin/nm -B output from gcc object... ok
checking for sysroot... no
checking for mt... mt
checking if mt is a manifest tool... no
checking how to run the C preprocessor... gcc -E
checking for ANSI C header files... yes
checking for sys/types.h... yes
checking for sys/stat.h... yes
checking for stdlib.h... yes
checking for string.h... yes
checking for memory.h... yes
checking for strings.h... yes
checking for inttypes.h... yes
checking for stdint.h... yes
checking for unistd.h... yes
checking for dlfcn.h... yes
checking for objdir... .libs
checking if gcc supports -fno-rtti -fno-exceptions... no
checking for gcc option to produce PIC... -fPIC -DPIC
checking if gcc PIC flag -fPIC -DPIC works... yes
checking if gcc static flag -static works... yes
checking if gcc supports -c -o file.o... yes
checking if gcc supports -c -o file.o... (cached) yes
checking whether the gcc linker (/usr/bin/ld) supports shared libraries... yes
checking whether -lc should be explicitly linked in... no
checking dynamic linker characteristics... GNU/Linux ld.so
checking how to hardcode library paths into programs... immediate
checking whether stripping libraries is possible... yes
checking if libtool supports shared libraries... yes
checking whether to build shared libraries... yes
checking whether to build static libraries... yes
checking how to run the C++ preprocessor... mpic++ -E
checking for ld used by mpic++... /usr/bin/ld
checking if the linker (/usr/bin/ld) is GNU ld... yes
checking whether the mpic++ linker (/usr/bin/ld) supports shared libraries... yes
checking for mpic++ option to produce PIC... -fPIC -DPIC
checking if mpic++ PIC flag -fPIC -DPIC works... yes
checking if mpic++ static flag -static works... no
checking if mpic++ supports -c -o file.o... yes
checking if mpic++ supports -c -o file.o... (cached) yes
checking whether the mpic++ linker (/usr/bin/ld) supports shared libraries... yes
checking dynamic linker characteristics... (cached) GNU/Linux ld.so
checking how to hardcode library paths into programs... immediate
checking for latex2html... no
checking for sin in -lm... yes
checking for fftw_plan_dft_1d in -lfftw3... yes
checking for g77... no
checking for xlf... no
checking for f77... no
checking for frt... no
checking for pgf77... no
checking for cf77... no
checking for fort77... no
checking for fl32... no
checking for af77... no
checking for xlf90... no
checking for f90... no
checking for pgf90... no
checking for pghpf... no
checking for epcf90... no
checking for gfortran... gfortran
checking whether we are using the GNU Fortran 77 compiler... yes
checking whether gfortran accepts -g... yes
checking if libtool supports shared libraries... yes
checking whether to build shared libraries... yes
checking whether to build static libraries... yes
checking for gfortran option to produce PIC... -fPIC
checking if gfortran PIC flag -fPIC works... yes
checking if gfortran static flag -static works... yes
checking if gfortran supports -c -o file.o... yes
checking if gfortran supports -c -o file.o... (cached) yes
checking whether the gfortran linker (/usr/bin/ld) supports shared libraries... yes
checking dynamic linker characteristics... (cached) GNU/Linux ld.so
checking how to hardcode library paths into programs... immediate
checking how to get verbose linking output from gfortran... -v
checking for Fortran 77 libraries of gfortran...  -L/usr/lib/gcc/i686-linux-gnu/4.6.1 -L/usr/lib/gcc/i686-linux-gnu/4.6.1/../../../i386-linux-gnu -L/usr/lib/gcc/i686-linux-gnu/4.6.1/../../../../lib -L/lib/i386-linux-gnu -L/lib/../lib -L/usr/lib/i386-linux-gnu -L/usr/lib/../lib -L/usr/lib/gcc/i686-linux-gnu/4.6.1/../../.. -lfftw3 -lgfortran -lm -lquadmath
checking for dummy main to link with Fortran 77 libraries... none
checking for Fortran 77 name-mangling scheme... lower case, underscore, no extra underscore
checking for sgemm_... no
checking for ATL_xerbla in -latlas... yes
checking for sgemm_ in -lf77blas... yes
checking for cblas_dgemm in -lcblas... yes
checking for cheev_... no
checking for cheev_ in -llapack... yes
checking for pkg-config... /usr/bin/pkg-config
checking for harminv >= 1.1... yes
checking HARMINV_CFLAGS...  
checking HARMINV_LIBS... -lharminv  
checking mpb.h usability... no
checking mpb.h presence... no
checking for mpb.h... no
checking for cblas_cgemm... yes
checking for gsl_sf_bessel_Jn in -lgsl... yes
checking for deflate in -lz... yes
checking for H5Pcreate in -lhdf5... yes
checking hdf5.h usability... yes
checking hdf5.h presence... yes
checking for hdf5.h... yes
checking for H5Pset_mpi... no
checking for H5Pset_fapl_mpio... yes
checking for mpirun... mpirun
checking for guile-config... guile-config
checking if linking to guile works... yes
checking libguile.h usability... yes
checking libguile.h presence... yes
checking for libguile.h... yes
checking guile/gh.h usability... yes
checking guile/gh.h presence... yes
checking for guile/gh.h... yes
checking for scm_make_smob_type... yes
checking for SCM_SMOB_PREDICATE... no
checking for SCM_SMOB_DATA... no
checking for SCM_NEWSMOB... no
checking how to activate readline in Guile... ice-9 readline
checking for libctl dir... /usr/local/share/libctl
checking for gen-ctl-io... gen-ctl-io
checking for ctl_get_vector3 in -lctl... yes
checking ctl.h usability... yes
checking ctl.h presence... yes
checking for ctl.h... yes
checking whether libctl version is at least 3.2.0... ok
checking for libctl_quiet feature... yes
checking for basename in -lgen... no
checking for feenableexcept... yes
checking whether feenableexcept declaration is usable... yes
checking whether to catch and ignore SIGFPE signals... no
checking whether time.h and sys/time.h may both be included... yes
checking sys/time.h usability... yes
checking sys/time.h presence... yes
checking for sys/time.h... yes
checking for BSDgettimeofday... no
checking for gettimeofday... yes
checking for cblas_ddot... yes
checking for cblas_daxpy... yes
checking for jn... yes
checking for C/C++ restrict keyword... __restrict
configure: creating ./config.status
config.status: creating Makefile
config.status: creating meep-pkgconfig
config.status: creating src/Makefile
config.status: creating tests/Makefile
config.status: creating examples/Makefile
config.status: creating libctl/Makefile
config.status: creating libctl/meep.scm
config.status: creating config.h
config.status: executing depfiles commands
config.status: executing libtool commands
make  all-recursive
make[1]: Entering directory `/home/filip/python-meep-install/meep'
Making all in src
make[2]: Entering directory `/home/filip/python-meep-install/meep/src'
make sphere_quad
make[3]: Entering directory `/home/filip/python-meep-install/meep/src'
  CXX    sphere-quad.o
  CXXLD  sphere_quad
make[3]: Leaving directory `/home/filip/python-meep-install/meep/src'
(echo "/* This file was automatically generated --- DO NOT EDIT */"; echo; ../src/sphere_quad) > sphere-quad.h
(echo "/* This file was automatically generated --- DO NOT EDIT */"; echo; sed 's/LOOP_OVER/S1LOOP_OVER/g' ../src/step_generic.cpp | sed 's/step_curl/step_curl_stride1/' | sed 's/step_update_EDHB/step_update_EDHB_stride1/' | sed 's/step_beta/step_beta_stride1/') > step_generic_stride1.cpp
make  all-am
make[3]: Entering directory `/home/filip/python-meep-install/meep/src'
  CXX    anisotropic_averaging.lo
  CXX    bands.lo
  CXX    boundaries.lo
  CXX    bicgstab.lo
  CXX    casimir.lo
  CXX    control_c.lo
  CXX    cw_fields.lo
  CXX    dft.lo
  CXX    dft_ldos.lo
  CXX    energy_and_flux.lo
  CXX    fields.lo
  CXX    loop_in_chunks.lo
  CXX    grace.lo
  CXX    h5fields.lo
  CXX    h5file.lo
  CXX    initialize.lo
  CXX    integrate.lo
  CXX    integrate2.lo
  CXX    monitor.lo
  CXX    mympi.lo
  CXX    multilevel-atom.lo
  CXX    near2far.lo
  CXX    output_directory.lo
  CXX    random.lo
  CXX    sources.lo
  CXX    step.lo
  CXX    step_db.lo
  CXX    stress.lo
  CXX    structure.lo
  CXX    susceptibility.lo
  CXX    time.lo
  CXX    update_eh.lo
  CXX    mpb.lo
  CXX    update_pols.lo
  CXX    vec.lo
  CXX    step_generic.lo
  CXX    step_generic_stride1.lo
  CXXLD  libmeep_mpi.la
make[3]: Leaving directory `/home/filip/python-meep-install/meep/src'
make[2]: Leaving directory `/home/filip/python-meep-install/meep/src'
Making all in libctl
make[2]: Entering directory `/home/filip/python-meep-install/meep/libctl'
(echo "// AUTOMATICALLY GENERATED -- DO NOT EDIT"; sed 's/^ *class \+\([A-Za-z_0-9:]*\)\( *\| *:[^{]*\){.*$/%rename(meep_\1) meep::\1;/' ../src/meep.hpp ../src/meep/vec.hpp ../src/meep/mympi.hpp | grep "%rename" | sort -u; echo; grep -hv typedef ../src/meep.hpp ../src/meep/vec.hpp ../src/meep/mympi.hpp | sed 's/\(inline\|const\|extern\|static\) \+//g' | sed 's/^[A-Za-z_0-9:<>]\+[* ]\+\([A-Za-z_0-9:]*\) *(.*$/%rename(meep_\1) meep::\1;/' | grep "%rename" | sort -u; ) > meep_renames.i
(echo "// AUTOMATICALLY GENERATED -- DO NOT EDIT"; for f in ../src/meep.hpp ../src/meep/vec.hpp ../src/meep/mympi.hpp; do egrep "^enum" $f | sed 's/enum \+\([A-Za-z_0-9:]\+\).*$/\1/g' | while read enum; do cat $f | tr -d '\n' | sed 's/.*enum \+'${enum}' *{\([^}]*\)}.*/\1/g' | sed 's/= *[0-9]\+//g' |tr -d ' \t' | tr ',' '\n' | sed 's/^.*$/'"%rename(meep_${enum}_\0) meep::\0;/g"; echo; done; done;) > meep_enum_renames.i
(echo "// AUTOMATICALLY GENERATED -- DO NOT EDIT"; grep -h friend ../src/meep.hpp ../src/meep/vec.hpp ../src/meep/mympi.hpp | sed 's/^ *friend \+[A-Za-z_0-9:<>]\+[* ]\+\([A-Za-z_0-9:]*\) *(.*$/%ignore \1;/' | grep "%ignore" | sort -u;) > meep_swig_bug_workaround.i
(sed 's/%rename(\([A-Za-z0-9_]*\)) *\([A-Za-z0-9:_]*\);$/(define \2 (\1))/' meep_enum_renames.i | sed 's/[A-Za-z0-9:_]*:://g' | sed 's/_/-/g' | sed 's,//,;,'; echo "(define Centered Dielectric)") > meep-enums.scm
gen-ctl-io --cxx --swig -o ctl-io.i meep.scm /usr/local/share/libctl
swig -I../src -c++ -guile -o meep_wrap.cxx meep.i
patch -p0 meep_wrap.cxx < ./meep_wrap.patch
patching file meep_wrap.cxx
Hunk #1 succeeded at 754 (offset 3 lines).
make  all-am
make[3]: Entering directory `/home/filip/python-meep-install/meep/libctl'
gen-ctl-io --cxx --header -o ctl-io.h meep.scm /usr/local/share/libctl
  CXX    meep.o
  CXX    structure.o
  CXX    meep_wrap.o
cp -f /usr/local/share/libctl/base/main.c main.cpp
  CXX    main.o
cp -f /usr/local/share/libctl/utils/geom.c geom.cpp
  CXX    geom.o
gen-ctl-io --cxx --code -o ctl-io.cpp meep.scm /usr/local/share/libctl
  CXX    ctl-io.o
  CXXLD  meep_mpi
make[3]: Leaving directory `/home/filip/python-meep-install/meep/libctl'
make[2]: Leaving directory `/home/filip/python-meep-install/meep/libctl'
Making all in tests
make[2]: Entering directory `/home/filip/python-meep-install/meep/tests'
make[2]: Nothing to be done for `all'.
make[2]: Leaving directory `/home/filip/python-meep-install/meep/tests'
Making all in examples
make[2]: Entering directory `/home/filip/python-meep-install/meep/examples'
make[2]: Nothing to be done for `all'.
make[2]: Leaving directory `/home/filip/python-meep-install/meep/examples'
make[2]: Entering directory `/home/filip/python-meep-install/meep'
cp -f ./meep-pkgconfig meep_mpi.pc
make[2]: Leaving directory `/home/filip/python-meep-install/meep'
make[1]: Leaving directory `/home/filip/python-meep-install/meep'
Making install in src
make[1]: Entering directory `/home/filip/python-meep-install/meep/src'
make  install-am
make[2]: Entering directory `/home/filip/python-meep-install/meep/src'
make[3]: Entering directory `/home/filip/python-meep-install/meep/src'
test -z "/usr/local/lib" || /bin/mkdir -p "/usr/local/lib"
 /bin/bash ../libtool   --mode=install /usr/bin/install -c   libmeep_mpi.la '/usr/local/lib'
libtool: install: /usr/bin/install -c .libs/libmeep_mpi.so.8.0.0 /usr/local/lib/libmeep_mpi.so.8.0.0
libtool: install: (cd /usr/local/lib && { ln -s -f libmeep_mpi.so.8.0.0 libmeep_mpi.so.8 || { rm -f libmeep_mpi.so.8 && ln -s libmeep_mpi.so.8.0.0 libmeep_mpi.so.8; }; })
libtool: install: (cd /usr/local/lib && { ln -s -f libmeep_mpi.so.8.0.0 libmeep_mpi.so || { rm -f libmeep_mpi.so && ln -s libmeep_mpi.so.8.0.0 libmeep_mpi.so; }; })
libtool: install: /usr/bin/install -c .libs/libmeep_mpi.lai /usr/local/lib/libmeep_mpi.la
libtool: install: /usr/bin/install -c .libs/libmeep_mpi.a /usr/local/lib/libmeep_mpi.a
libtool: install: chmod 644 /usr/local/lib/libmeep_mpi.a
libtool: install: ranlib /usr/local/lib/libmeep_mpi.a
libtool: finish: PATH="/usr/local/sbin:/usr/local/bin:/usr/sbin:/usr/bin:/sbin:/bin:/usr/X11R6/bin:/sbin" ldconfig -n /usr/local/lib
----------------------------------------------------------------------
Libraries have been installed in:
   /usr/local/lib

If you ever happen to want to link against installed libraries
in a given directory, LIBDIR, you must either use libtool, and
specify the full pathname of the library, or use the `-LLIBDIR'
flag during linking and do at least one of the following:
   - add LIBDIR to the `LD_LIBRARY_PATH' environment variable
     during execution
   - add LIBDIR to the `LD_RUN_PATH' environment variable
     during linking
   - use the `-Wl,-rpath -Wl,LIBDIR' linker flag
   - have your system administrator add LIBDIR to `/etc/ld.so.conf'

See any operating system documentation about shared libraries for
more information, such as the ld(1) and ld.so(8) manual pages.
----------------------------------------------------------------------
test -z "/usr/local/include" || /bin/mkdir -p "/usr/local/include"
 /usr/bin/install -c -m 644 meep.hpp '/usr/local/include'
test -z "/usr/local/include/meep" || /bin/mkdir -p "/usr/local/include/meep"
 /usr/bin/install -c -m 644 meep/mympi.hpp meep/vec.hpp '/usr/local/include/meep'
make[3]: Leaving directory `/home/filip/python-meep-install/meep/src'
make[2]: Leaving directory `/home/filip/python-meep-install/meep/src'
make[1]: Leaving directory `/home/filip/python-meep-install/meep/src'
Making install in libctl
make[1]: Entering directory `/home/filip/python-meep-install/meep/libctl'
make  install-am
make[2]: Entering directory `/home/filip/python-meep-install/meep/libctl'
make[3]: Entering directory `/home/filip/python-meep-install/meep/libctl'
test -z "/usr/local/bin" || /bin/mkdir -p "/usr/local/bin"
  /bin/bash ../libtool   --mode=install /usr/bin/install -c meep_mpi '/usr/local/bin/./meep-mpi'
libtool: install: /usr/bin/install -c .libs/meep_mpi /usr/local/bin/./meep-mpi
test -z "/usr/local/share/meep" || /bin/mkdir -p "/usr/local/share/meep"
 /usr/bin/install -c -m 644 meep.scm meep-enums.scm casimir.scm '/usr/local/share/meep'
make[3]: Leaving directory `/home/filip/python-meep-install/meep/libctl'
make[2]: Leaving directory `/home/filip/python-meep-install/meep/libctl'
make[1]: Leaving directory `/home/filip/python-meep-install/meep/libctl'
Making install in tests
make[1]: Entering directory `/home/filip/python-meep-install/meep/tests'
make[2]: Entering directory `/home/filip/python-meep-install/meep/tests'
make[2]: Nothing to be done for `install-exec-am'.
make[2]: Nothing to be done for `install-data-am'.
make[2]: Leaving directory `/home/filip/python-meep-install/meep/tests'
make[1]: Leaving directory `/home/filip/python-meep-install/meep/tests'
Making install in examples
make[1]: Entering directory `/home/filip/python-meep-install/meep/examples'
make[2]: Entering directory `/home/filip/python-meep-install/meep/examples'
make[2]: Nothing to be done for `install-exec-am'.
make[2]: Nothing to be done for `install-data-am'.
make[2]: Leaving directory `/home/filip/python-meep-install/meep/examples'
make[1]: Leaving directory `/home/filip/python-meep-install/meep/examples'
make[1]: Entering directory `/home/filip/python-meep-install/meep'
make[2]: Entering directory `/home/filip/python-meep-install/meep'
make[2]: Nothing to be done for `install-exec-am'.
test -z "/usr/local/lib/pkgconfig" || /bin/mkdir -p "/usr/local/lib/pkgconfig"
 /usr/bin/install -c -m 644 meep_mpi.pc '/usr/local/lib/pkgconfig'
make[2]: Leaving directory `/home/filip/python-meep-install/meep'
make[1]: Leaving directory `/home/filip/python-meep-install/meep'
Čtu seznamy balíků...
Vytvářím strom závislostí...
Čtu stavové informace...
python-dev je již nejnovější verze.
python-numpy je již nejnovější verze.
python-scipy je již nejnovější verze.
0 aktualizováno, 0 nově instalováno, 0 k odstranění a 6 neaktualizováno.
Directories for SWIG -I option :  ['/usr/local/include']
Directories for -L option :  ['/usr/local/lib']
running clean
Directories for SWIG -I option :  ['/usr/local/include']
Directories for -L option :  ['/usr/local/lib']
running build_ext
building '_meep_mpi' extension
swigging meep_mpi.i to meep_mpi_wrap.cpp
swig -python -c++ -w503,389,302,362,314,509,451 -I/usr/local/include -o meep_mpi_wrap.cpp meep_mpi.i
creating build
creating build/temp.linux-i686-2.7
gcc -pthread -fno-strict-aliasing -DNDEBUG -g -fwrapv -O2 -Wall -Wstrict-prototypes -fPIC -I/usr/local/include -I/usr/include/python2.7 -c meep_mpi_wrap.cpp -o build/temp.linux-i686-2.7/meep_mpi_wrap.o
creating build/lib.linux-i686-2.7
g++ -pthread -shared -Wl,-O1 -Wl,-Bsymbolic-functions -Wl,-Bsymbolic-functions build/temp.linux-i686-2.7/meep_mpi_wrap.o -L/usr/local/lib -lmeep_mpi -o build/lib.linux-i686-2.7/_meep_mpi.so
Directories for SWIG -I option :  ['/usr/local/include']
Directories for -L option :  ['/usr/local/lib']
running install
running build
running build_py
copying meep_mpi.py -> build/lib.linux-i686-2.7
running build_ext
running install_lib
copying build/lib.linux-i686-2.7/meep_mpi.py -> /usr/local/lib/python2.7/dist-packages
copying build/lib.linux-i686-2.7/_meep_mpi.so -> /usr/local/lib/python2.7/dist-packages
byte-compiling /usr/local/lib/python2.7/dist-packages/meep_mpi.py to meep_mpi.pyc
running install_data
running install_egg_info
Removing /usr/local/lib/python2.7/dist-packages/python_meep-1.4.egg-info
Writing /usr/local/lib/python2.7/dist-packages/python_meep-1.4.egg-info
Directories for SWIG -I option :  ['/usr/local/include']
Directories for -L option :  ['/usr/local/lib']
running bdist
running bdist_dumb
running build
running build_py
running build_ext
installing to build/bdist.linux-i686/dumb
running install
running install_lib
creating build/bdist.linux-i686
creating build/bdist.linux-i686/dumb
creating build/bdist.linux-i686/dumb/usr
creating build/bdist.linux-i686/dumb/usr/local
creating build/bdist.linux-i686/dumb/usr/local/lib
creating build/bdist.linux-i686/dumb/usr/local/lib/python2.7
creating build/bdist.linux-i686/dumb/usr/local/lib/python2.7/dist-packages
copying build/lib.linux-i686-2.7/meep_mpi.py -> build/bdist.linux-i686/dumb/usr/local/lib/python2.7/dist-packages
copying build/lib.linux-i686-2.7/_meep_mpi.so -> build/bdist.linux-i686/dumb/usr/local/lib/python2.7/dist-packages
byte-compiling build/bdist.linux-i686/dumb/usr/local/lib/python2.7/dist-packages/meep_mpi.py to meep_mpi.pyc
running install_data
copying custom.hpp -> build/bdist.linux-i686/dumb/usr/local/lib/python2.7/dist-packages
running install_egg_info
Writing build/bdist.linux-i686/dumb/usr/local/lib/python2.7/dist-packages/python_meep-1.4.egg-info
creating /home/filip/python-meep-install/python-meep/dist
Creating tar archive
removing 'build/bdist.linux-i686/dumb' (and everything under it)
