Reading package lists...
Building dependency tree...
Reading state information...
git is already the newest version.
wget is already the newest version.
wget set to manually installed.
The following extra packages will be installed:
  automake autotools-dev build-essential dh-apparmor dpkg-dev fakeroot g++
  g++-4.8 libalgorithm-diff-perl libalgorithm-diff-xs-perl
  libalgorithm-merge-perl libfakeroot libltdl-dev libmail-sendmail-perl
  libsigsegv2 libstdc++-4.8-dev libsys-hostname-long-perl m4 po-debconf
  swig2.0
Suggested packages:
  autoconf2.13 autoconf-archive gnu-standards autoconf-doc dh-make
  apparmor-easyprof debian-keyring g++-multilib g++-4.8-multilib gcc-4.8-doc
  libstdc++6-4.8-dbg libtool-doc libstdc++-4.8-doc automaken gfortran
  fortran95-compiler gcj-jdk libmail-box-perl swig-doc swig-examples
  swig2.0-examples swig2.0-doc
The following NEW packages will be installed:
  autoconf automake autotools-dev build-essential chrpath debhelper
  dh-apparmor dpkg-dev fakeroot g++ g++-4.8 libalgorithm-diff-perl
  libalgorithm-diff-xs-perl libalgorithm-merge-perl libfakeroot libltdl-dev
  libmail-sendmail-perl libsigsegv2 libstdc++-4.8-dev
  libsys-hostname-long-perl libtool m4 po-debconf swig swig2.0
0 upgraded, 25 newly installed, 0 to remove and 79 not upgraded.
Need to get 20,1 MB of archives.
After this operation, 52,0 MB of additional disk space will be used.
Get:1 http://cz.archive.ubuntu.com/ubuntu/ trusty/main libsigsegv2 amd64 2.10-2 [15,0 kB]
Get:2 http://cz.archive.ubuntu.com/ubuntu/ trusty/main m4 amd64 1.4.17-2ubuntu1 [195 kB]
Get:3 http://cz.archive.ubuntu.com/ubuntu/ trusty/main autoconf all 2.69-6 [322 kB]
Get:4 http://cz.archive.ubuntu.com/ubuntu/ trusty/main autotools-dev all 20130810.1 [44,3 kB]
Get:5 http://cz.archive.ubuntu.com/ubuntu/ trusty/main automake all 1:1.14.1-2ubuntu1 [510 kB]
Get:6 http://cz.archive.ubuntu.com/ubuntu/ trusty-updates/main libstdc++-4.8-dev amd64 4.8.4-2ubuntu1~14.04 [1 052 kB]
Get:7 http://cz.archive.ubuntu.com/ubuntu/ trusty-updates/main g++-4.8 amd64 4.8.4-2ubuntu1~14.04 [15,0 MB]
Get:8 http://cz.archive.ubuntu.com/ubuntu/ trusty/main g++ amd64 4:4.8.2-1ubuntu6 [1 490 B]
Get:9 http://cz.archive.ubuntu.com/ubuntu/ trusty-updates/main dpkg-dev all 1.17.5ubuntu5.4 [726 kB]
Get:10 http://cz.archive.ubuntu.com/ubuntu/ trusty/main build-essential amd64 11.6ubuntu6 [4 838 B]
Get:11 http://cz.archive.ubuntu.com/ubuntu/ trusty/main chrpath amd64 0.14-3ubuntu1 [12,5 kB]
Get:12 http://cz.archive.ubuntu.com/ubuntu/ trusty/main po-debconf all 1.0.16+nmu2ubuntu1 [210 kB]
Get:13 http://cz.archive.ubuntu.com/ubuntu/ trusty-updates/main dh-apparmor all 2.8.95~2430-0ubuntu5.3 [12,2 kB]
Get:14 http://cz.archive.ubuntu.com/ubuntu/ trusty/main debhelper all 9.20131227ubuntu1 [604 kB]
Get:15 http://cz.archive.ubuntu.com/ubuntu/ trusty/main libfakeroot amd64 1.20-3ubuntu2 [25,4 kB]
Get:16 http://cz.archive.ubuntu.com/ubuntu/ trusty/main fakeroot amd64 1.20-3ubuntu2 [55,0 kB]
Get:17 http://cz.archive.ubuntu.com/ubuntu/ trusty/main libalgorithm-diff-perl all 1.19.02-3 [50,0 kB]
Get:18 http://cz.archive.ubuntu.com/ubuntu/ trusty/main libalgorithm-diff-xs-perl amd64 0.04-2build4 [12,6 kB]
Get:19 http://cz.archive.ubuntu.com/ubuntu/ trusty/main libalgorithm-merge-perl all 0.08-2 [12,7 kB]
Get:20 http://cz.archive.ubuntu.com/ubuntu/ trusty/main libltdl-dev amd64 2.4.2-1.7ubuntu1 [157 kB]
Get:21 http://cz.archive.ubuntu.com/ubuntu/ trusty/main libsys-hostname-long-perl all 1.4-3 [11,3 kB]
Get:22 http://cz.archive.ubuntu.com/ubuntu/ trusty/main libmail-sendmail-perl all 0.79.16-1 [26,5 kB]
Get:23 http://cz.archive.ubuntu.com/ubuntu/ trusty/main libtool amd64 2.4.2-1.7ubuntu1 [188 kB]
Get:24 http://cz.archive.ubuntu.com/ubuntu/ trusty/main swig2.0 amd64 2.0.11-1ubuntu2 [875 kB]
Get:25 http://cz.archive.ubuntu.com/ubuntu/ trusty/main swig amd64 2.0.11-1ubuntu2 [6 272 B]
Fetched 20,1 MB in 6s (3 186 kB/s)
Selecting previously unselected package libsigsegv2:amd64.
(Reading database ... 165545 files and directories currently installed.)
Preparing to unpack .../libsigsegv2_2.10-2_amd64.deb ...
Unpacking libsigsegv2:amd64 (2.10-2) ...
Selecting previously unselected package m4.
Preparing to unpack .../m4_1.4.17-2ubuntu1_amd64.deb ...
Unpacking m4 (1.4.17-2ubuntu1) ...
Selecting previously unselected package autoconf.
Preparing to unpack .../autoconf_2.69-6_all.deb ...
Unpacking autoconf (2.69-6) ...
Selecting previously unselected package autotools-dev.
Preparing to unpack .../autotools-dev_20130810.1_all.deb ...
Unpacking autotools-dev (20130810.1) ...
Selecting previously unselected package automake.
Preparing to unpack .../automake_1%3a1.14.1-2ubuntu1_all.deb ...
Unpacking automake (1:1.14.1-2ubuntu1) ...
Selecting previously unselected package libstdc++-4.8-dev:amd64.
Preparing to unpack .../libstdc++-4.8-dev_4.8.4-2ubuntu1~14.04_amd64.deb ...
Unpacking libstdc++-4.8-dev:amd64 (4.8.4-2ubuntu1~14.04) ...
Selecting previously unselected package g++-4.8.
Preparing to unpack .../g++-4.8_4.8.4-2ubuntu1~14.04_amd64.deb ...
Unpacking g++-4.8 (4.8.4-2ubuntu1~14.04) ...
Selecting previously unselected package g++.
Preparing to unpack .../g++_4%3a4.8.2-1ubuntu6_amd64.deb ...
Unpacking g++ (4:4.8.2-1ubuntu6) ...
Selecting previously unselected package dpkg-dev.
Preparing to unpack .../dpkg-dev_1.17.5ubuntu5.4_all.deb ...
Unpacking dpkg-dev (1.17.5ubuntu5.4) ...
Selecting previously unselected package build-essential.
Preparing to unpack .../build-essential_11.6ubuntu6_amd64.deb ...
Unpacking build-essential (11.6ubuntu6) ...
Selecting previously unselected package chrpath.
Preparing to unpack .../chrpath_0.14-3ubuntu1_amd64.deb ...
Unpacking chrpath (0.14-3ubuntu1) ...
Selecting previously unselected package po-debconf.
Preparing to unpack .../po-debconf_1.0.16+nmu2ubuntu1_all.deb ...
Unpacking po-debconf (1.0.16+nmu2ubuntu1) ...
Selecting previously unselected package dh-apparmor.
Preparing to unpack .../dh-apparmor_2.8.95~2430-0ubuntu5.3_all.deb ...
Unpacking dh-apparmor (2.8.95~2430-0ubuntu5.3) ...
Selecting previously unselected package debhelper.
Preparing to unpack .../debhelper_9.20131227ubuntu1_all.deb ...
Unpacking debhelper (9.20131227ubuntu1) ...
Selecting previously unselected package libfakeroot:amd64.
Preparing to unpack .../libfakeroot_1.20-3ubuntu2_amd64.deb ...
Unpacking libfakeroot:amd64 (1.20-3ubuntu2) ...
Selecting previously unselected package fakeroot.
Preparing to unpack .../fakeroot_1.20-3ubuntu2_amd64.deb ...
Unpacking fakeroot (1.20-3ubuntu2) ...
Selecting previously unselected package libalgorithm-diff-perl.
Preparing to unpack .../libalgorithm-diff-perl_1.19.02-3_all.deb ...
Unpacking libalgorithm-diff-perl (1.19.02-3) ...
Selecting previously unselected package libalgorithm-diff-xs-perl.
Preparing to unpack .../libalgorithm-diff-xs-perl_0.04-2build4_amd64.deb ...
Unpacking libalgorithm-diff-xs-perl (0.04-2build4) ...
Selecting previously unselected package libalgorithm-merge-perl.
Preparing to unpack .../libalgorithm-merge-perl_0.08-2_all.deb ...
Unpacking libalgorithm-merge-perl (0.08-2) ...
Selecting previously unselected package libltdl-dev:amd64.
Preparing to unpack .../libltdl-dev_2.4.2-1.7ubuntu1_amd64.deb ...
Unpacking libltdl-dev:amd64 (2.4.2-1.7ubuntu1) ...
Selecting previously unselected package libsys-hostname-long-perl.
Preparing to unpack .../libsys-hostname-long-perl_1.4-3_all.deb ...
Unpacking libsys-hostname-long-perl (1.4-3) ...
Selecting previously unselected package libmail-sendmail-perl.
Preparing to unpack .../libmail-sendmail-perl_0.79.16-1_all.deb ...
Unpacking libmail-sendmail-perl (0.79.16-1) ...
Selecting previously unselected package libtool.
Preparing to unpack .../libtool_2.4.2-1.7ubuntu1_amd64.deb ...
Unpacking libtool (2.4.2-1.7ubuntu1) ...
Selecting previously unselected package swig2.0.
Preparing to unpack .../swig2.0_2.0.11-1ubuntu2_amd64.deb ...
Unpacking swig2.0 (2.0.11-1ubuntu2) ...
Selecting previously unselected package swig.
Preparing to unpack .../swig_2.0.11-1ubuntu2_amd64.deb ...
Unpacking swig (2.0.11-1ubuntu2) ...
Processing triggers for man-db (2.6.7.1-1ubuntu1) ...
Processing triggers for install-info (5.2.0.dfsg.1-2) ...
Processing triggers for doc-base (0.10.5) ...
Processing 32 changed doc-base files, 2 added doc-base files...
Setting up libsigsegv2:amd64 (2.10-2) ...
Setting up m4 (1.4.17-2ubuntu1) ...
Setting up autoconf (2.69-6) ...
Setting up autotools-dev (20130810.1) ...
Setting up automake (1:1.14.1-2ubuntu1) ...
update-alternatives: using /usr/bin/automake-1.14 to provide /usr/bin/automake (automake) in auto mode
Setting up libstdc++-4.8-dev:amd64 (4.8.4-2ubuntu1~14.04) ...
Setting up g++-4.8 (4.8.4-2ubuntu1~14.04) ...
Setting up g++ (4:4.8.2-1ubuntu6) ...
update-alternatives: using /usr/bin/g++ to provide /usr/bin/c++ (c++) in auto mode
Setting up dpkg-dev (1.17.5ubuntu5.4) ...
Setting up build-essential (11.6ubuntu6) ...
Setting up chrpath (0.14-3ubuntu1) ...
Setting up po-debconf (1.0.16+nmu2ubuntu1) ...
Setting up dh-apparmor (2.8.95~2430-0ubuntu5.3) ...
Setting up debhelper (9.20131227ubuntu1) ...
Setting up libfakeroot:amd64 (1.20-3ubuntu2) ...
Setting up fakeroot (1.20-3ubuntu2) ...
update-alternatives: using /usr/bin/fakeroot-sysv to provide /usr/bin/fakeroot (fakeroot) in auto mode
Setting up libalgorithm-diff-perl (1.19.02-3) ...
Setting up libalgorithm-diff-xs-perl (0.04-2build4) ...
Setting up libalgorithm-merge-perl (0.08-2) ...
Setting up libltdl-dev:amd64 (2.4.2-1.7ubuntu1) ...
Setting up libsys-hostname-long-perl (1.4-3) ...
Setting up libmail-sendmail-perl (0.79.16-1) ...
Setting up libtool (2.4.2-1.7ubuntu1) ...
Setting up swig2.0 (2.0.11-1ubuntu2) ...
Setting up swig (2.0.11-1ubuntu2) ...
Processing triggers for libc-bin (2.19-0ubuntu6.6) ...
Reading package lists...
Building dependency tree...
Reading state information...
autotools-dev is already the newest version.
autotools-dev set to manually installed.
g++ is already the newest version.
g++ set to manually installed.
The following extra packages will be installed:
  gfortran-4.8 guile-2.0 libgc-dev libgfortran-4.8-dev libgfortran3 libgmp-dev
  libgmpxx4ldbl libncurses5-dev libreadline6-dev libtinfo-dev
Suggested packages:
  gfortran-multilib gfortran-doc gfortran-4.8-multilib gfortran-4.8-doc
  libgfortran3-dbg guile-2.0-doc libgmp10-doc libmpfr-dev ncurses-doc
The following NEW packages will be installed:
  gfortran gfortran-4.8 guile-2.0 guile-2.0-dev libgc-dev libgfortran-4.8-dev
  libgfortran3 libgmp-dev libgmpxx4ldbl libncurses5-dev libreadline6-dev
  libtinfo-dev
0 upgraded, 12 newly installed, 0 to remove and 79 not upgraded.
Need to get 7 024 kB of archives.
After this operation, 28,5 MB of additional disk space will be used.
Get:1 http://cz.archive.ubuntu.com/ubuntu/ trusty-updates/main libgfortran3 amd64 4.8.4-2ubuntu1~14.04 [249 kB]
Get:2 http://cz.archive.ubuntu.com/ubuntu/ trusty/main libgmpxx4ldbl amd64 2:5.1.3+dfsg-1ubuntu1 [8 736 B]
Get:3 http://cz.archive.ubuntu.com/ubuntu/ trusty-updates/main libgfortran-4.8-dev amd64 4.8.4-2ubuntu1~14.04 [269 kB]
Get:4 http://cz.archive.ubuntu.com/ubuntu/ trusty-updates/main gfortran-4.8 amd64 4.8.4-2ubuntu1~14.04 [4 881 kB]
Get:5 http://cz.archive.ubuntu.com/ubuntu/ trusty/main gfortran amd64 4:4.8.2-1ubuntu6 [1 252 B]
Get:6 http://cz.archive.ubuntu.com/ubuntu/ trusty/main guile-2.0 amd64 2.0.9+1-1ubuntu1 [8 006 B]
Get:7 http://cz.archive.ubuntu.com/ubuntu/ trusty/main libtinfo-dev amd64 5.9+20140118-1ubuntu1 [76,3 kB]
Get:8 http://cz.archive.ubuntu.com/ubuntu/ trusty/main libncurses5-dev amd64 5.9+20140118-1ubuntu1 [170 kB]
Get:9 http://cz.archive.ubuntu.com/ubuntu/ trusty/main libreadline6-dev amd64 6.3-4ubuntu2 [213 kB]
Get:10 http://cz.archive.ubuntu.com/ubuntu/ trusty/main libgmp-dev amd64 2:5.1.3+dfsg-1ubuntu1 [292 kB]
Get:11 http://cz.archive.ubuntu.com/ubuntu/ trusty/main libgc-dev amd64 1:7.2d-5ubuntu2 [167 kB]
Get:12 http://cz.archive.ubuntu.com/ubuntu/ trusty/main guile-2.0-dev amd64 2.0.9+1-1ubuntu1 [691 kB]
Fetched 7 024 kB in 3s (2 018 kB/s)
Selecting previously unselected package libgfortran3:amd64.
(Reading database ... 168091 files and directories currently installed.)
Preparing to unpack .../libgfortran3_4.8.4-2ubuntu1~14.04_amd64.deb ...
Unpacking libgfortran3:amd64 (4.8.4-2ubuntu1~14.04) ...
Selecting previously unselected package libgmpxx4ldbl:amd64.
Preparing to unpack .../libgmpxx4ldbl_2%3a5.1.3+dfsg-1ubuntu1_amd64.deb ...
Unpacking libgmpxx4ldbl:amd64 (2:5.1.3+dfsg-1ubuntu1) ...
Selecting previously unselected package libgfortran-4.8-dev:amd64.
Preparing to unpack .../libgfortran-4.8-dev_4.8.4-2ubuntu1~14.04_amd64.deb ...
Unpacking libgfortran-4.8-dev:amd64 (4.8.4-2ubuntu1~14.04) ...
Selecting previously unselected package gfortran-4.8.
Preparing to unpack .../gfortran-4.8_4.8.4-2ubuntu1~14.04_amd64.deb ...
Unpacking gfortran-4.8 (4.8.4-2ubuntu1~14.04) ...
Selecting previously unselected package gfortran.
Preparing to unpack .../gfortran_4%3a4.8.2-1ubuntu6_amd64.deb ...
Unpacking gfortran (4:4.8.2-1ubuntu6) ...
Selecting previously unselected package guile-2.0.
Preparing to unpack .../guile-2.0_2.0.9+1-1ubuntu1_amd64.deb ...
Unpacking guile-2.0 (2.0.9+1-1ubuntu1) ...
Selecting previously unselected package libtinfo-dev:amd64.
Preparing to unpack .../libtinfo-dev_5.9+20140118-1ubuntu1_amd64.deb ...
Unpacking libtinfo-dev:amd64 (5.9+20140118-1ubuntu1) ...
Selecting previously unselected package libncurses5-dev:amd64.
Preparing to unpack .../libncurses5-dev_5.9+20140118-1ubuntu1_amd64.deb ...
Unpacking libncurses5-dev:amd64 (5.9+20140118-1ubuntu1) ...
Selecting previously unselected package libreadline6-dev:amd64.
Preparing to unpack .../libreadline6-dev_6.3-4ubuntu2_amd64.deb ...
Unpacking libreadline6-dev:amd64 (6.3-4ubuntu2) ...
Selecting previously unselected package libgmp-dev:amd64.
Preparing to unpack .../libgmp-dev_2%3a5.1.3+dfsg-1ubuntu1_amd64.deb ...
Unpacking libgmp-dev:amd64 (2:5.1.3+dfsg-1ubuntu1) ...
Selecting previously unselected package libgc-dev:amd64.
Preparing to unpack .../libgc-dev_1%3a7.2d-5ubuntu2_amd64.deb ...
Unpacking libgc-dev:amd64 (1:7.2d-5ubuntu2) ...
Selecting previously unselected package guile-2.0-dev.
Preparing to unpack .../guile-2.0-dev_2.0.9+1-1ubuntu1_amd64.deb ...
Unpacking guile-2.0-dev (2.0.9+1-1ubuntu1) ...
Processing triggers for man-db (2.6.7.1-1ubuntu1) ...
Processing triggers for install-info (5.2.0.dfsg.1-2) ...
Setting up libgfortran3:amd64 (4.8.4-2ubuntu1~14.04) ...
Setting up libgmpxx4ldbl:amd64 (2:5.1.3+dfsg-1ubuntu1) ...
Setting up libgfortran-4.8-dev:amd64 (4.8.4-2ubuntu1~14.04) ...
Setting up gfortran-4.8 (4.8.4-2ubuntu1~14.04) ...
Setting up gfortran (4:4.8.2-1ubuntu6) ...
update-alternatives: using /usr/bin/gfortran to provide /usr/bin/f95 (f95) in auto mode
Setting up guile-2.0 (2.0.9+1-1ubuntu1) ...
update-alternatives: using /usr/bin/guile-2.0 to provide /usr/bin/guile (guile) in auto mode
Setting up libtinfo-dev:amd64 (5.9+20140118-1ubuntu1) ...
Setting up libncurses5-dev:amd64 (5.9+20140118-1ubuntu1) ...
Setting up libreadline6-dev:amd64 (6.3-4ubuntu2) ...
Setting up libgmp-dev:amd64 (2:5.1.3+dfsg-1ubuntu1) ...
Setting up libgc-dev:amd64 (1:7.2d-5ubuntu2) ...
Setting up guile-2.0-dev (2.0.9+1-1ubuntu1) ...
Processing triggers for libc-bin (2.19-0ubuntu6.6) ...
Reading package lists...
Building dependency tree...
Reading state information...
The following extra packages will be installed:
  hdf5-tools libhdf4-0 libhdf5-7 libmatheval1
Suggested packages:
  octave libhdf4-doc libhdf4-dev hdf4-tools
The following NEW packages will be installed:
  h5utils hdf5-tools libhdf4-0 libhdf5-7 libmatheval1
0 upgraded, 5 newly installed, 0 to remove and 79 not upgraded.
Need to get 2 147 kB of archives.
After this operation, 8 115 kB of additional disk space will be used.
Get:1 http://cz.archive.ubuntu.com/ubuntu/ trusty/universe libhdf5-7 amd64 1.8.11-5ubuntu7 [1 205 kB]
Get:2 http://cz.archive.ubuntu.com/ubuntu/ trusty/universe libmatheval1 amd64 1.1.10+dfsg-1.1 [20,6 kB]
Get:3 http://cz.archive.ubuntu.com/ubuntu/ trusty/universe libhdf4-0 amd64 4.2r10-0ubuntu1 [290 kB]
Get:4 http://cz.archive.ubuntu.com/ubuntu/ trusty/universe h5utils amd64 1.12.1-2 [290 kB]
Get:5 http://cz.archive.ubuntu.com/ubuntu/ trusty/universe hdf5-tools amd64 1.8.11-5ubuntu7 [342 kB]
Fetched 2 147 kB in 1s (1 858 kB/s)
Selecting previously unselected package libhdf5-7:amd64.
(Reading database ... 168464 files and directories currently installed.)
Preparing to unpack .../libhdf5-7_1.8.11-5ubuntu7_amd64.deb ...
Unpacking libhdf5-7:amd64 (1.8.11-5ubuntu7) ...
Selecting previously unselected package libmatheval1:amd64.
Preparing to unpack .../libmatheval1_1.1.10+dfsg-1.1_amd64.deb ...
Unpacking libmatheval1:amd64 (1.1.10+dfsg-1.1) ...
Selecting previously unselected package libhdf4-0.
Preparing to unpack .../libhdf4-0_4.2r10-0ubuntu1_amd64.deb ...
Unpacking libhdf4-0 (4.2r10-0ubuntu1) ...
Selecting previously unselected package h5utils.
Preparing to unpack .../h5utils_1.12.1-2_amd64.deb ...
Unpacking h5utils (1.12.1-2) ...
Selecting previously unselected package hdf5-tools.
Preparing to unpack .../hdf5-tools_1.8.11-5ubuntu7_amd64.deb ...
Unpacking hdf5-tools (1.8.11-5ubuntu7) ...
Processing triggers for man-db (2.6.7.1-1ubuntu1) ...
Setting up libhdf5-7:amd64 (1.8.11-5ubuntu7) ...
Setting up libmatheval1:amd64 (1.1.10+dfsg-1.1) ...
Setting up libhdf4-0 (4.2r10-0ubuntu1) ...
Setting up h5utils (1.12.1-2) ...
Setting up hdf5-tools (1.8.11-5ubuntu7) ...
Processing triggers for libc-bin (2.19-0ubuntu6.6) ...
Reading package lists...
Building dependency tree...
Reading state information...
The following extra packages will be installed:
  imagemagick-common libatlas-dev libatlas3-base libblas-dev libblas3
  libfftw3-bin libfftw3-double3 libfftw3-long3 libfftw3-quad3 libgsl0ldbl
  libilmbase6 liblapack3 liblqr-1-0 libmagickcore5 libmagickcore5-extra
  libmagickwand5 libnetpbm10 libopenexr6 netpbm
Suggested packages:
  imagemagick-doc autotrace enscript ffmpeg gimp gnuplot grads hp2xx html2ps
  libwmf-bin mplayer povray radiance texlive-base-bin transfig ufraw-batch
  libblas-doc liblapack-doc gsl-ref-psdoc gsl-doc-pdf gsl-doc-info
  gsl-ref-html
The following NEW packages will be installed:
  imagemagick imagemagick-common libatlas-base-dev libatlas-dev libatlas3-base
  libblas-dev libblas3 libfftw3-bin libfftw3-dev libfftw3-double3
  libfftw3-long3 libfftw3-quad3 libgsl0-dev libgsl0ldbl libilmbase6
  liblapack-dev liblapack3 liblqr-1-0 libmagickcore5 libmagickcore5-extra
  libmagickwand5 libnetpbm10 libopenexr6 netpbm
0 upgraded, 24 newly installed, 0 to remove and 79 not upgraded.
Need to get 19,2 MB of archives.
After this operation, 109 MB of additional disk space will be used.
Get:1 http://cz.archive.ubuntu.com/ubuntu/ trusty/main imagemagick-common all 8:6.7.7.10-6ubuntu3 [37,2 kB]
Get:2 http://cz.archive.ubuntu.com/ubuntu/ trusty/main libfftw3-double3 amd64 3.3.3-7ubuntu3 [702 kB]
Get:3 http://cz.archive.ubuntu.com/ubuntu/ trusty/main libfftw3-long3 amd64 3.3.3-7ubuntu3 [305 kB]
Get:4 http://cz.archive.ubuntu.com/ubuntu/ trusty/main libfftw3-quad3 amd64 3.3.3-7ubuntu3 [548 kB]
Get:5 http://cz.archive.ubuntu.com/ubuntu/ trusty/main libilmbase6 amd64 1.0.1-6ubuntu1 [53,6 kB]
Get:6 http://cz.archive.ubuntu.com/ubuntu/ trusty/main liblqr-1-0 amd64 0.4.1-2ubuntu1 [23,4 kB]
Get:7 http://cz.archive.ubuntu.com/ubuntu/ trusty/main libmagickcore5 amd64 8:6.7.7.10-6ubuntu3 [1 469 kB]
Get:8 http://cz.archive.ubuntu.com/ubuntu/ trusty/main libmagickwand5 amd64 8:6.7.7.10-6ubuntu3 [266 kB]
Get:9 http://cz.archive.ubuntu.com/ubuntu/ trusty/main libopenexr6 amd64 1.6.1-7ubuntu1 [164 kB]
Get:10 http://cz.archive.ubuntu.com/ubuntu/ trusty/main libmagickcore5-extra amd64 8:6.7.7.10-6ubuntu3 [57,9 kB]
Get:11 http://cz.archive.ubuntu.com/ubuntu/ trusty/main imagemagick amd64 8:6.7.7.10-6ubuntu3 [188 kB]
Get:12 http://cz.archive.ubuntu.com/ubuntu/ trusty/universe libatlas3-base amd64 3.10.1-4 [2 677 kB]
Get:13 http://cz.archive.ubuntu.com/ubuntu/ trusty/main libblas3 amd64 1.2.20110419-7 [215 kB]
Get:14 http://cz.archive.ubuntu.com/ubuntu/ trusty/main libblas-dev amd64 1.2.20110419-7 [240 kB]
Get:15 http://cz.archive.ubuntu.com/ubuntu/ trusty/universe libatlas-dev all 3.10.1-4 [22,7 kB]
Get:16 http://cz.archive.ubuntu.com/ubuntu/ trusty/universe libatlas-base-dev amd64 3.10.1-4 [3 348 kB]
Get:17 http://cz.archive.ubuntu.com/ubuntu/ trusty/main libfftw3-bin amd64 3.3.3-7ubuntu3 [32,6 kB]
Get:18 http://cz.archive.ubuntu.com/ubuntu/ trusty/main libfftw3-dev amd64 3.3.3-7ubuntu3 [2 067 kB]
Get:19 http://cz.archive.ubuntu.com/ubuntu/ trusty/main libgsl0ldbl amd64 1.16+dfsg-1ubuntu1 [878 kB]
Get:20 http://cz.archive.ubuntu.com/ubuntu/ trusty/main libgsl0-dev amd64 1.16+dfsg-1ubuntu1 [982 kB]
Get:21 http://cz.archive.ubuntu.com/ubuntu/ trusty/main liblapack3 amd64 3.5.0-2ubuntu1 [1 730 kB]
Get:22 http://cz.archive.ubuntu.com/ubuntu/ trusty/main liblapack-dev amd64 3.5.0-2ubuntu1 [1 740 kB]
Get:23 http://cz.archive.ubuntu.com/ubuntu/ trusty/main libnetpbm10 amd64 2:10.0-15ubuntu2 [69,0 kB]
Get:24 http://cz.archive.ubuntu.com/ubuntu/ trusty/main netpbm amd64 2:10.0-15ubuntu2 [1 341 kB]
Fetched 19,2 MB in 7s (2 707 kB/s)
Selecting previously unselected package imagemagick-common.
(Reading database ... 168580 files and directories currently installed.)
Preparing to unpack .../imagemagick-common_8%3a6.7.7.10-6ubuntu3_all.deb ...
Unpacking imagemagick-common (8:6.7.7.10-6ubuntu3) ...
Selecting previously unselected package libfftw3-double3:amd64.
Preparing to unpack .../libfftw3-double3_3.3.3-7ubuntu3_amd64.deb ...
Unpacking libfftw3-double3:amd64 (3.3.3-7ubuntu3) ...
Selecting previously unselected package libfftw3-long3:amd64.
Preparing to unpack .../libfftw3-long3_3.3.3-7ubuntu3_amd64.deb ...
Unpacking libfftw3-long3:amd64 (3.3.3-7ubuntu3) ...
Selecting previously unselected package libfftw3-quad3:amd64.
Preparing to unpack .../libfftw3-quad3_3.3.3-7ubuntu3_amd64.deb ...
Unpacking libfftw3-quad3:amd64 (3.3.3-7ubuntu3) ...
Selecting previously unselected package libilmbase6:amd64.
Preparing to unpack .../libilmbase6_1.0.1-6ubuntu1_amd64.deb ...
Unpacking libilmbase6:amd64 (1.0.1-6ubuntu1) ...
Selecting previously unselected package liblqr-1-0:amd64.
Preparing to unpack .../liblqr-1-0_0.4.1-2ubuntu1_amd64.deb ...
Unpacking liblqr-1-0:amd64 (0.4.1-2ubuntu1) ...
Selecting previously unselected package libmagickcore5:amd64.
Preparing to unpack .../libmagickcore5_8%3a6.7.7.10-6ubuntu3_amd64.deb ...
Unpacking libmagickcore5:amd64 (8:6.7.7.10-6ubuntu3) ...
Selecting previously unselected package libmagickwand5:amd64.
Preparing to unpack .../libmagickwand5_8%3a6.7.7.10-6ubuntu3_amd64.deb ...
Unpacking libmagickwand5:amd64 (8:6.7.7.10-6ubuntu3) ...
Selecting previously unselected package libopenexr6:amd64.
Preparing to unpack .../libopenexr6_1.6.1-7ubuntu1_amd64.deb ...
Unpacking libopenexr6:amd64 (1.6.1-7ubuntu1) ...
Selecting previously unselected package libmagickcore5-extra:amd64.
Preparing to unpack .../libmagickcore5-extra_8%3a6.7.7.10-6ubuntu3_amd64.deb ...
Unpacking libmagickcore5-extra:amd64 (8:6.7.7.10-6ubuntu3) ...
Selecting previously unselected package imagemagick.
Preparing to unpack .../imagemagick_8%3a6.7.7.10-6ubuntu3_amd64.deb ...
Unpacking imagemagick (8:6.7.7.10-6ubuntu3) ...
Selecting previously unselected package libatlas3-base.
Preparing to unpack .../libatlas3-base_3.10.1-4_amd64.deb ...
Unpacking libatlas3-base (3.10.1-4) ...
Selecting previously unselected package libblas3.
Preparing to unpack .../libblas3_1.2.20110419-7_amd64.deb ...
Unpacking libblas3 (1.2.20110419-7) ...
Selecting previously unselected package libblas-dev.
Preparing to unpack .../libblas-dev_1.2.20110419-7_amd64.deb ...
Unpacking libblas-dev (1.2.20110419-7) ...
Selecting previously unselected package libatlas-dev.
Preparing to unpack .../libatlas-dev_3.10.1-4_all.deb ...
Unpacking libatlas-dev (3.10.1-4) ...
Selecting previously unselected package libatlas-base-dev.
Preparing to unpack .../libatlas-base-dev_3.10.1-4_amd64.deb ...
Unpacking libatlas-base-dev (3.10.1-4) ...
Selecting previously unselected package libfftw3-bin.
Preparing to unpack .../libfftw3-bin_3.3.3-7ubuntu3_amd64.deb ...
Unpacking libfftw3-bin (3.3.3-7ubuntu3) ...
Selecting previously unselected package libfftw3-dev:amd64.
Preparing to unpack .../libfftw3-dev_3.3.3-7ubuntu3_amd64.deb ...
Unpacking libfftw3-dev:amd64 (3.3.3-7ubuntu3) ...
Selecting previously unselected package libgsl0ldbl.
Preparing to unpack .../libgsl0ldbl_1.16+dfsg-1ubuntu1_amd64.deb ...
Unpacking libgsl0ldbl (1.16+dfsg-1ubuntu1) ...
Selecting previously unselected package libgsl0-dev.
Preparing to unpack .../libgsl0-dev_1.16+dfsg-1ubuntu1_amd64.deb ...
Unpacking libgsl0-dev (1.16+dfsg-1ubuntu1) ...
Selecting previously unselected package liblapack3.
Preparing to unpack .../liblapack3_3.5.0-2ubuntu1_amd64.deb ...
Unpacking liblapack3 (3.5.0-2ubuntu1) ...
Selecting previously unselected package liblapack-dev.
Preparing to unpack .../liblapack-dev_3.5.0-2ubuntu1_amd64.deb ...
Unpacking liblapack-dev (3.5.0-2ubuntu1) ...
Selecting previously unselected package libnetpbm10.
Preparing to unpack .../libnetpbm10_2%3a10.0-15ubuntu2_amd64.deb ...
Unpacking libnetpbm10 (2:10.0-15ubuntu2) ...
Selecting previously unselected package netpbm.
Preparing to unpack .../netpbm_2%3a10.0-15ubuntu2_amd64.deb ...
Unpacking netpbm (2:10.0-15ubuntu2) ...
Processing triggers for hicolor-icon-theme (0.13-1) ...
Processing triggers for gnome-menus (3.10.1-0ubuntu2) ...
Processing triggers for desktop-file-utils (0.22-1ubuntu1) ...
Processing triggers for bamfdaemon (0.5.1+14.04.20140409-0ubuntu1) ...
Rebuilding /usr/share/applications/bamf-2.index...
Processing triggers for mime-support (3.54ubuntu1.1) ...
Processing triggers for man-db (2.6.7.1-1ubuntu1) ...
Setting up imagemagick-common (8:6.7.7.10-6ubuntu3) ...
Setting up libfftw3-double3:amd64 (3.3.3-7ubuntu3) ...
Setting up libfftw3-long3:amd64 (3.3.3-7ubuntu3) ...
Setting up libfftw3-quad3:amd64 (3.3.3-7ubuntu3) ...
Setting up libilmbase6:amd64 (1.0.1-6ubuntu1) ...
Setting up liblqr-1-0:amd64 (0.4.1-2ubuntu1) ...
Setting up libmagickcore5:amd64 (8:6.7.7.10-6ubuntu3) ...
Setting up libmagickwand5:amd64 (8:6.7.7.10-6ubuntu3) ...
Setting up libopenexr6:amd64 (1.6.1-7ubuntu1) ...
Setting up libmagickcore5-extra:amd64 (8:6.7.7.10-6ubuntu3) ...
Setting up imagemagick (8:6.7.7.10-6ubuntu3) ...
update-alternatives: using /usr/bin/compare.im6 to provide /usr/bin/compare (compare) in auto mode
update-alternatives: using /usr/bin/animate.im6 to provide /usr/bin/animate (animate) in auto mode
update-alternatives: using /usr/bin/convert.im6 to provide /usr/bin/convert (convert) in auto mode
update-alternatives: using /usr/bin/composite.im6 to provide /usr/bin/composite (composite) in auto mode
update-alternatives: using /usr/bin/conjure.im6 to provide /usr/bin/conjure (conjure) in auto mode
update-alternatives: using /usr/bin/import.im6 to provide /usr/bin/import (import) in auto mode
update-alternatives: using /usr/bin/identify.im6 to provide /usr/bin/identify (identify) in auto mode
update-alternatives: using /usr/bin/stream.im6 to provide /usr/bin/stream (stream) in auto mode
update-alternatives: using /usr/bin/display.im6 to provide /usr/bin/display (display) in auto mode
update-alternatives: using /usr/bin/montage.im6 to provide /usr/bin/montage (montage) in auto mode
update-alternatives: using /usr/bin/mogrify.im6 to provide /usr/bin/mogrify (mogrify) in auto mode
Setting up libatlas3-base (3.10.1-4) ...
update-alternatives: using /usr/lib/atlas-base/atlas/libblas.so.3 to provide /usr/lib/libblas.so.3 (libblas.so.3) in auto mode
update-alternatives: using /usr/lib/atlas-base/atlas/liblapack.so.3 to provide /usr/lib/liblapack.so.3 (liblapack.so.3) in auto mode
Setting up libblas3 (1.2.20110419-7) ...
Setting up libblas-dev (1.2.20110419-7) ...
update-alternatives: using /usr/lib/libblas/libblas.so to provide /usr/lib/libblas.so (libblas.so) in auto mode
Setting up libatlas-dev (3.10.1-4) ...
Setting up libatlas-base-dev (3.10.1-4) ...
update-alternatives: using /usr/lib/atlas-base/atlas/libblas.so to provide /usr/lib/libblas.so (libblas.so) in auto mode
update-alternatives: using /usr/lib/atlas-base/atlas/liblapack.so to provide /usr/lib/liblapack.so (liblapack.so) in auto mode
Setting up libfftw3-bin (3.3.3-7ubuntu3) ...
Setting up libfftw3-dev:amd64 (3.3.3-7ubuntu3) ...
Setting up libgsl0ldbl (1.16+dfsg-1ubuntu1) ...
Setting up libgsl0-dev (1.16+dfsg-1ubuntu1) ...
Setting up liblapack3 (3.5.0-2ubuntu1) ...
update-alternatives: using /usr/lib/lapack/liblapack.so.3 to provide /usr/lib/liblapack.so.3 (liblapack.so.3) in auto mode
Setting up liblapack-dev (3.5.0-2ubuntu1) ...
update-alternatives: using /usr/lib/lapack/liblapack.so to provide /usr/lib/liblapack.so (liblapack.so) in auto mode
Setting up libnetpbm10 (2:10.0-15ubuntu2) ...
Setting up netpbm (2:10.0-15ubuntu2) ...
Processing triggers for libc-bin (2.19-0ubuntu6.6) ...
Reading package lists...
Building dependency tree...
Reading state information...
pkg-config is already the newest version.
pkg-config set to manually installed.
The following NEW packages will be installed:
  libharminv-dev libharminv2
0 upgraded, 2 newly installed, 0 to remove and 79 not upgraded.
Need to get 16,6 kB of archives.
After this operation, 102 kB of additional disk space will be used.
Get:1 http://cz.archive.ubuntu.com/ubuntu/ trusty/universe libharminv2 amd64 1.3.1-10 [13,7 kB]
Get:2 http://cz.archive.ubuntu.com/ubuntu/ trusty/universe libharminv-dev amd64 1.3.1-10 [2 876 B]
Fetched 16,6 kB in 0s (32,4 kB/s)
Selecting previously unselected package libharminv2.
(Reading database ... 169995 files and directories currently installed.)
Preparing to unpack .../libharminv2_1.3.1-10_amd64.deb ...
Unpacking libharminv2 (1.3.1-10) ...
Selecting previously unselected package libharminv-dev.
Preparing to unpack .../libharminv-dev_1.3.1-10_amd64.deb ...
Unpacking libharminv-dev (1.3.1-10) ...
Setting up libharminv2 (1.3.1-10) ...
Setting up libharminv-dev (1.3.1-10) ...
Processing triggers for libc-bin (2.19-0ubuntu6.6) ...
Reading package lists...
Building dependency tree...
Reading state information...
The following NEW packages will be installed:
  zlib1g-dev
0 upgraded, 1 newly installed, 0 to remove and 32 not upgraded.
Need to get 183 kB of archives.
After this operation, 454 kB of additional disk space will be used.
Get:1 http://cz.archive.ubuntu.com/ubuntu/ trusty/main zlib1g-dev amd64 1:1.2.8.dfsg-1ubuntu1 [183 kB]
Fetched 183 kB in 0s (792 kB/s)
checking whether to enable maintainer-specific portions of Makefiles... no
checking for a BSD-compatible install... /usr/bin/install -c
checking whether build environment is sane... yes
checking for a thread-safe mkdir -p... /bin/mkdir -p
checking for gawk... no
checking for mawk... mawk
checking whether make sets $(MAKE)... yes
checking build system type... x86_64-unknown-linux-gnu
checking host system type... x86_64-unknown-linux-gnu
checking how to print strings... printf
checking for style of include used by make... GNU
checking for gcc... gcc
checking whether the C compiler works... yes
checking for C compiler default output file name... a.out
checking for suffix of executables... 
checking whether we are cross compiling... no
checking for suffix of object files... o
checking whether we are using the GNU C compiler... yes
checking whether gcc accepts -g... yes
checking for gcc option to accept ISO C89... none needed
checking dependency style of gcc... gcc3
checking for a sed that does not truncate output... /bin/sed
checking for grep that handles long lines and -e... /bin/grep
checking for egrep... /bin/grep -E
checking for fgrep... /bin/grep -F
checking for ld used by gcc... /usr/bin/ld
checking if the linker (/usr/bin/ld) is GNU ld... yes
checking for BSD- or MS-compatible name lister (nm)... /usr/bin/nm -B
checking the name lister (/usr/bin/nm -B) interface... BSD nm
checking whether ln -s works... yes
checking the maximum length of command line arguments... 1572864
checking whether the shell understands some XSI constructs... yes
checking whether the shell understands "+="... yes
checking how to convert x86_64-unknown-linux-gnu file names to x86_64-unknown-linux-gnu format... func_convert_file_noop
checking how to convert x86_64-unknown-linux-gnu file names to toolchain format... func_convert_file_noop
checking for /usr/bin/ld option to reload object files... -r
checking for objdump... objdump
checking how to recognize dependent libraries... pass_all
checking for dlltool... no
checking how to associate runtime and link libraries... printf %s\n
checking for ar... ar
checking for archiver @FILE support... @
checking for strip... strip
checking for ranlib... ranlib
checking command to parse /usr/bin/nm -B output from gcc object... ok
checking for sysroot... no
checking for mt... mt
checking if mt is a manifest tool... no
checking how to run the C preprocessor... gcc -E
checking for ANSI C header files... yes
checking for sys/types.h... yes
checking for sys/stat.h... yes
checking for stdlib.h... yes
checking for string.h... yes
checking for memory.h... yes
checking for strings.h... yes
checking for inttypes.h... yes
checking for stdint.h... yes
checking for unistd.h... yes
checking for dlfcn.h... yes
checking for objdir... .libs
checking if gcc supports -fno-rtti -fno-exceptions... no
checking for gcc option to produce PIC... -fPIC -DPIC
checking if gcc PIC flag -fPIC -DPIC works... yes
checking if gcc static flag -static works... yes
checking if gcc supports -c -o file.o... yes
checking if gcc supports -c -o file.o... (cached) yes
checking whether the gcc linker (/usr/bin/ld -m elf_x86_64) supports shared libraries... yes
checking dynamic linker characteristics... GNU/Linux ld.so
checking how to hardcode library paths into programs... immediate
checking whether stripping libraries is possible... yes
checking if libtool supports shared libraries... yes
checking whether to build shared libraries... no
checking whether to build static libraries... yes
checking for gcc... (cached) gcc
checking whether we are using the GNU C compiler... (cached) yes
checking whether gcc accepts -g... (cached) yes
checking for gcc option to accept ISO C89... (cached) none needed
checking dependency style of gcc... (cached) gcc3
checking whether gcc and cc understand -c and -o together... yes
checking for indent... no
checking for gindent... no
checking for ANSI C header files... (cached) yes
checking for guile... guile
checking for guile-config... guile-config
checking if linking to guile works... yes
checking libguile.h usability... yes
checking libguile.h presence... yes
checking for libguile.h... yes
checking guile/gh.h usability... no
checking guile/gh.h presence... no
checking for guile/gh.h... no
checking for modern non-gh interface... yes
checking for gh_enter... no
checking for gh_eval_str... no
checking for gh_load... no
checking for gh_bool2scm... no
checking for gh_vector_ref... no
checking for gh_list_ref... no
checking for gh_length... no
checking for scm_flush_all_ports... yes
checking for scm_make_complex... yes
checking for scm_c_make_rectangular... yes
checking for scm_variable_set_x... yes
checking for scm_c_lookup... yes
checking for scm_c_make_vector... yes
checking for scm_variable_ref... yes
checking for SCM_COMPLEXP... yes
checking whether gh_lookup works properly... no
checking for g77... no
checking for xlf... no
checking for f77... no
checking for frt... no
checking for pgf77... no
checking for cf77... no
checking for fort77... no
checking for fl32... no
checking for af77... no
checking for xlf90... no
checking for f90... no
checking for pgf90... no
checking for pghpf... no
checking for epcf90... no
checking for gfortran... gfortran
checking whether we are using the GNU Fortran 77 compiler... yes
checking whether gfortran accepts -g... yes
checking if libtool supports shared libraries... yes
checking whether to build shared libraries... no
checking whether to build static libraries... yes
checking for gfortran option to produce PIC... -fPIC
checking if gfortran PIC flag -fPIC works... yes
checking if gfortran static flag -static works... yes
checking if gfortran supports -c -o file.o... yes
checking if gfortran supports -c -o file.o... (cached) yes
checking whether the gfortran linker (/usr/bin/ld -m elf_x86_64) supports shared libraries... yes
checking dynamic linker characteristics... (cached) GNU/Linux ld.so
checking how to hardcode library paths into programs... immediate
checking how to get verbose linking output from gfortran... -v
checking for Fortran 77 libraries of gfortran...  -L/usr/lib/gcc/x86_64-linux-gnu/4.8 -L/usr/lib/gcc/x86_64-linux-gnu/4.8/../../../x86_64-linux-gnu -L/usr/lib/gcc/x86_64-linux-gnu/4.8/../../../../lib -L/lib/x86_64-linux-gnu -L/lib/../lib -L/usr/lib/x86_64-linux-gnu -L/usr/lib/../lib -L/usr/lib/gcc/x86_64-linux-gnu/4.8/../../.. -lgfortran -lm -lguile-2.0 -lgc -lquadmath
checking for dummy main to link with Fortran 77 libraries... none
checking for Fortran 77 name-mangling scheme... lower case, underscore, no extra underscore
checking complex.h usability... yes
checking complex.h presence... yes
checking for complex.h... yes
checking for C complex keyword... complex
checking for egrep... (cached) /bin/grep -E
checking nlopt.h usability... no
checking nlopt.h presence... no
checking for nlopt.h... no
checking for basename in -lgen... no
configure: creating ./config.status
config.status: creating Makefile
config.status: creating src/Makefile
config.status: creating utils/Makefile
config.status: creating examples/Makefile
config.status: creating examples/example.scm
config.status: creating utils/gen-ctl-io
config.status: creating config.h
config.status: creating src/ctl.h
config.status: executing depfiles commands
config.status: executing libtool commands
make  all-recursive
make[1]: Entering directory `/home/dominecf/python-meep-install/libctl-3.2.1'
Making all in src
make[2]: Entering directory `/home/dominecf/python-meep-install/libctl-3.2.1/src'
make  all-am
make[3]: Entering directory `/home/dominecf/python-meep-install/libctl-3.2.1/src'
/bin/bash ../libtool --tag=CC   --mode=compile gcc -DHAVE_CONFIG_H -I. -I..   -pthread -I/usr/include/guile/2.0    -g -O2 -MT ctl.lo -MD -MP -MF .deps/ctl.Tpo -c -o ctl.lo ctl.c
libtool: compile:  gcc -DHAVE_CONFIG_H -I. -I.. -pthread -I/usr/include/guile/2.0 -g -O2 -MT ctl.lo -MD -MP -MF .deps/ctl.Tpo -c ctl.c -o ctl.o
mv -f .deps/ctl.Tpo .deps/ctl.Plo
/bin/bash ../libtool --tag=CC   --mode=compile gcc -DHAVE_CONFIG_H -I. -I..   -pthread -I/usr/include/guile/2.0    -g -O2 -MT subplex.lo -MD -MP -MF .deps/subplex.Tpo -c -o subplex.lo subplex.c
libtool: compile:  gcc -DHAVE_CONFIG_H -I. -I.. -pthread -I/usr/include/guile/2.0 -g -O2 -MT subplex.lo -MD -MP -MF .deps/subplex.Tpo -c subplex.c -o subplex.o
mv -f .deps/subplex.Tpo .deps/subplex.Plo
/bin/bash ../libtool --tag=CC   --mode=compile gcc -DHAVE_CONFIG_H -I. -I..   -pthread -I/usr/include/guile/2.0    -g -O2 -MT ctl-f77-glue.lo -MD -MP -MF .deps/ctl-f77-glue.Tpo -c -o ctl-f77-glue.lo ctl-f77-glue.c
libtool: compile:  gcc -DHAVE_CONFIG_H -I. -I.. -pthread -I/usr/include/guile/2.0 -g -O2 -MT ctl-f77-glue.lo -MD -MP -MF .deps/ctl-f77-glue.Tpo -c ctl-f77-glue.c -o ctl-f77-glue.o
mv -f .deps/ctl-f77-glue.Tpo .deps/ctl-f77-glue.Plo
/bin/bash ../libtool --tag=CC   --mode=compile gcc -DHAVE_CONFIG_H -I. -I..   -pthread -I/usr/include/guile/2.0    -g -O2 -MT integrator.lo -MD -MP -MF .deps/integrator.Tpo -c -o integrator.lo integrator.c
libtool: compile:  gcc -DHAVE_CONFIG_H -I. -I.. -pthread -I/usr/include/guile/2.0 -g -O2 -MT integrator.lo -MD -MP -MF .deps/integrator.Tpo -c integrator.c -o integrator.o
mv -f .deps/integrator.Tpo .deps/integrator.Plo
/bin/bash ../libtool --tag=CC   --mode=compile gcc -DHAVE_CONFIG_H -I. -I..   -pthread -I/usr/include/guile/2.0    -g -O2 -MT cintegrator.lo -MD -MP -MF .deps/cintegrator.Tpo -c -o cintegrator.lo cintegrator.c
libtool: compile:  gcc -DHAVE_CONFIG_H -I. -I.. -pthread -I/usr/include/guile/2.0 -g -O2 -MT cintegrator.lo -MD -MP -MF .deps/cintegrator.Tpo -c cintegrator.c -o cintegrator.o
mv -f .deps/cintegrator.Tpo .deps/cintegrator.Plo
/bin/bash ../libtool --tag=CC   --mode=link gcc  -g -O2 -no-undefined -version-info 5:1:0  -o libctl.la -rpath /usr/local/lib ctl.lo subplex.lo ctl-f77-glue.lo integrator.lo cintegrator.lo  -lm -lguile-2.0 -lgc  
libtool: link: ar cru .libs/libctl.a  ctl.o subplex.o ctl-f77-glue.o integrator.o cintegrator.o
libtool: link: ranlib .libs/libctl.a
libtool: link: ( cd ".libs" && rm -f "libctl.la" && ln -s "../libctl.la" "libctl.la" )
make[3]: Leaving directory `/home/dominecf/python-meep-install/libctl-3.2.1/src'
make[2]: Leaving directory `/home/dominecf/python-meep-install/libctl-3.2.1/src'
Making all in utils
make[2]: Entering directory `/home/dominecf/python-meep-install/libctl-3.2.1/utils'
/home/dominecf/python-meep-install/libctl-3.2.1/utils/gen-ctl-io --code -o ctl-io.c ./geom.scm ..
sed 's,/.* Input variables .*/,@#include "geom-ctl-io-defaults.c"@#if 0@,;s,/.* Output variables .*/,#endif@,' ctl-io.c | tr '@' '\n' > geom-ctl-io.c
/home/dominecf/python-meep-install/libctl-3.2.1/utils/gen-ctl-io --header -o ctl-io.h ./geom.scm ..
cp -f ctl-io.h ctlgeom-types.h
make  all-am
make[3]: Entering directory `/home/dominecf/python-meep-install/libctl-3.2.1/utils'
/bin/bash ../libtool --tag=CC   --mode=compile gcc -DHAVE_CONFIG_H -I. -I.. -I../src   -pthread -I/usr/include/guile/2.0    -g -O2 -MT geom.lo -MD -MP -MF .deps/geom.Tpo -c -o geom.lo geom.c
libtool: compile:  gcc -DHAVE_CONFIG_H -I. -I.. -I../src -pthread -I/usr/include/guile/2.0 -g -O2 -MT geom.lo -MD -MP -MF .deps/geom.Tpo -c geom.c -o geom.o
mv -f .deps/geom.Tpo .deps/geom.Plo
/bin/bash ../libtool --tag=CC   --mode=compile gcc -DHAVE_CONFIG_H -I. -I.. -I../src   -pthread -I/usr/include/guile/2.0    -g -O2 -MT geom-ctl-io.lo -MD -MP -MF .deps/geom-ctl-io.Tpo -c -o geom-ctl-io.lo geom-ctl-io.c
libtool: compile:  gcc -DHAVE_CONFIG_H -I. -I.. -I../src -pthread -I/usr/include/guile/2.0 -g -O2 -MT geom-ctl-io.lo -MD -MP -MF .deps/geom-ctl-io.Tpo -c geom-ctl-io.c -o geom-ctl-io.o
mv -f .deps/geom-ctl-io.Tpo .deps/geom-ctl-io.Plo
/bin/bash ../libtool --tag=CC   --mode=link gcc  -g -O2 -version-info 5:1:0 ../src/libctl.la  -o libctlgeom.la -rpath /usr/local/lib geom.lo geom-ctl-io.lo  -lm -lguile-2.0 -lgc  
libtool: link: ar cru .libs/libctlgeom.a  geom.o geom-ctl-io.o
libtool: link: ranlib .libs/libctlgeom.a
libtool: link: ( cd ".libs" && rm -f "libctlgeom.la" && ln -s "../libctlgeom.la" "libctlgeom.la" )
gcc -DHAVE_CONFIG_H -I. -I.. -I../src   -pthread -I/usr/include/guile/2.0    -g -O2 -MT geomtst.o -MD -MP -MF .deps/geomtst.Tpo -c -o geomtst.o geomtst.c
mv -f .deps/geomtst.Tpo .deps/geomtst.Po
/bin/bash ../libtool --tag=CC   --mode=link gcc  -g -O2   -o geomtst geomtst.o libctlgeom.la ../src/libctl.la -lm -lguile-2.0 -lgc  
libtool: link: gcc -g -O2 -o geomtst geomtst.o  ./.libs/libctlgeom.a /home/dominecf/python-meep-install/libctl-3.2.1/src/.libs/libctl.a ../src/.libs/libctl.a -lm -lguile-2.0 -lgc
make[3]: Leaving directory `/home/dominecf/python-meep-install/libctl-3.2.1/utils'
make[2]: Leaving directory `/home/dominecf/python-meep-install/libctl-3.2.1/utils'
Making all in examples
make[2]: Entering directory `/home/dominecf/python-meep-install/libctl-3.2.1/examples'
cp -f /home/dominecf/python-meep-install/libctl-3.2.1/./base/main.c main.c
cp -f /home/dominecf/python-meep-install/libctl-3.2.1/./utils/geom.c geom.c
/home/dominecf/python-meep-install/libctl-3.2.1/utils/gen-ctl-io --header -o ctl-io.h example.scm /home/dominecf/python-meep-install/libctl-3.2.1/.
/home/dominecf/python-meep-install/libctl-3.2.1/utils/gen-ctl-io --code -o ctl-io.c example.scm /home/dominecf/python-meep-install/libctl-3.2.1/.
make  all-am
make[3]: Entering directory `/home/dominecf/python-meep-install/libctl-3.2.1/examples'
gcc -DHAVE_CONFIG_H -I. -I.. -I../src    -DCTL_SCM='"'/home/dominecf/python-meep-install/libctl-3.2.1/./base/ctl.scm'"' -DINCLUDE_SCM='"'/home/dominecf/python-meep-install/libctl-3.2.1/./base/include.scm'"' -DSPEC_SCM='"'/usr/local/share/libctl/example.scm'"' -DVERSION_STRING='"'"example 3.2.1"'"' -I../utils -I../src -pthread -I/usr/include/guile/2.0    -g -O2 -MT example-example.o -MD -MP -MF .deps/example-example.Tpo -c -o example-example.o `test -f 'example.c' || echo './'`example.c
mv -f .deps/example-example.Tpo .deps/example-example.Po
gcc -DHAVE_CONFIG_H -I. -I.. -I../src    -DCTL_SCM='"'/home/dominecf/python-meep-install/libctl-3.2.1/./base/ctl.scm'"' -DINCLUDE_SCM='"'/home/dominecf/python-meep-install/libctl-3.2.1/./base/include.scm'"' -DSPEC_SCM='"'/usr/local/share/libctl/example.scm'"' -DVERSION_STRING='"'"example 3.2.1"'"' -I../utils -I../src -pthread -I/usr/include/guile/2.0    -g -O2 -MT example-main.o -MD -MP -MF .deps/example-main.Tpo -c -o example-main.o `test -f 'main.c' || echo './'`main.c
mv -f .deps/example-main.Tpo .deps/example-main.Po
gcc -DHAVE_CONFIG_H -I. -I.. -I../src    -DCTL_SCM='"'/home/dominecf/python-meep-install/libctl-3.2.1/./base/ctl.scm'"' -DINCLUDE_SCM='"'/home/dominecf/python-meep-install/libctl-3.2.1/./base/include.scm'"' -DSPEC_SCM='"'/usr/local/share/libctl/example.scm'"' -DVERSION_STRING='"'"example 3.2.1"'"' -I../utils -I../src -pthread -I/usr/include/guile/2.0    -g -O2 -MT example-geom.o -MD -MP -MF .deps/example-geom.Tpo -c -o example-geom.o `test -f 'geom.c' || echo './'`geom.c
mv -f .deps/example-geom.Tpo .deps/example-geom.Po
gcc -DHAVE_CONFIG_H -I. -I.. -I../src    -DCTL_SCM='"'/home/dominecf/python-meep-install/libctl-3.2.1/./base/ctl.scm'"' -DINCLUDE_SCM='"'/home/dominecf/python-meep-install/libctl-3.2.1/./base/include.scm'"' -DSPEC_SCM='"'/usr/local/share/libctl/example.scm'"' -DVERSION_STRING='"'"example 3.2.1"'"' -I../utils -I../src -pthread -I/usr/include/guile/2.0    -g -O2 -MT example-ctl-io.o -MD -MP -MF .deps/example-ctl-io.Tpo -c -o example-ctl-io.o `test -f 'ctl-io.c' || echo './'`ctl-io.c
mv -f .deps/example-ctl-io.Tpo .deps/example-ctl-io.Po
/bin/bash ../libtool --tag=CC   --mode=link gcc  -g -O2   -o example example-example.o example-main.o example-geom.o example-ctl-io.o  ../src/libctl.la  -lm -lguile-2.0 -lgc  
libtool: link: gcc -g -O2 -o example example-example.o example-main.o example-geom.o example-ctl-io.o  ../src/.libs/libctl.a -lm -lguile-2.0 -lgc
make[3]: Leaving directory `/home/dominecf/python-meep-install/libctl-3.2.1/examples'
make[2]: Leaving directory `/home/dominecf/python-meep-install/libctl-3.2.1/examples'
make[2]: Entering directory `/home/dominecf/python-meep-install/libctl-3.2.1'
make[2]: Leaving directory `/home/dominecf/python-meep-install/libctl-3.2.1'
make[1]: Leaving directory `/home/dominecf/python-meep-install/libctl-3.2.1'
Making install in src
make[1]: Entering directory `/home/dominecf/python-meep-install/libctl-3.2.1/src'
make  install-am
make[2]: Entering directory `/home/dominecf/python-meep-install/libctl-3.2.1/src'
make[3]: Entering directory `/home/dominecf/python-meep-install/libctl-3.2.1/src'
test -z "/usr/local/lib" || /bin/mkdir -p "/usr/local/lib"
 /bin/bash ../libtool   --mode=install /usr/bin/install -c   libctl.la '/usr/local/lib'
libtool: install: /usr/bin/install -c .libs/libctl.lai /usr/local/lib/libctl.la
libtool: install: /usr/bin/install -c .libs/libctl.a /usr/local/lib/libctl.a
libtool: install: chmod 644 /usr/local/lib/libctl.a
libtool: install: ranlib /usr/local/lib/libctl.a
libtool: finish: PATH="/usr/local/sbin:/usr/local/bin:/usr/sbin:/usr/bin:/sbin:/bin:/sbin" ldconfig -n /usr/local/lib
----------------------------------------------------------------------
Libraries have been installed in:
   /usr/local/lib

If you ever happen to want to link against installed libraries
in a given directory, LIBDIR, you must either use libtool, and
specify the full pathname of the library, or use the `-LLIBDIR'
flag during linking and do at least one of the following:
   - add LIBDIR to the `LD_LIBRARY_PATH' environment variable
     during execution
   - add LIBDIR to the `LD_RUN_PATH' environment variable
     during linking
   - use the `-Wl,-rpath -Wl,LIBDIR' linker flag
   - have your system administrator add LIBDIR to `/etc/ld.so.conf'

See any operating system documentation about shared libraries for
more information, such as the ld(1) and ld.so(8) manual pages.
----------------------------------------------------------------------
test -z "/usr/local/include" || /bin/mkdir -p "/usr/local/include"
 /usr/bin/install -c -m 644 ctl.h '/usr/local/include'
make[3]: Leaving directory `/home/dominecf/python-meep-install/libctl-3.2.1/src'
make[2]: Leaving directory `/home/dominecf/python-meep-install/libctl-3.2.1/src'
make[1]: Leaving directory `/home/dominecf/python-meep-install/libctl-3.2.1/src'
Making install in utils
make[1]: Entering directory `/home/dominecf/python-meep-install/libctl-3.2.1/utils'
make  install-am
make[2]: Entering directory `/home/dominecf/python-meep-install/libctl-3.2.1/utils'
make[3]: Entering directory `/home/dominecf/python-meep-install/libctl-3.2.1/utils'
test -z "/usr/local/bin" || /bin/mkdir -p "/usr/local/bin"
 /usr/bin/install -c gen-ctl-io '/usr/local/bin'
test -z "/usr/local/lib" || /bin/mkdir -p "/usr/local/lib"
 /bin/bash ../libtool   --mode=install /usr/bin/install -c   libctlgeom.la '/usr/local/lib'
libtool: install: /usr/bin/install -c .libs/libctlgeom.lai /usr/local/lib/libctlgeom.la
libtool: install: /usr/bin/install -c .libs/libctlgeom.a /usr/local/lib/libctlgeom.a
libtool: install: chmod 644 /usr/local/lib/libctlgeom.a
libtool: install: ranlib /usr/local/lib/libctlgeom.a
libtool: finish: PATH="/usr/local/sbin:/usr/local/bin:/usr/sbin:/usr/bin:/sbin:/bin:/sbin" ldconfig -n /usr/local/lib
----------------------------------------------------------------------
Libraries have been installed in:
   /usr/local/lib

If you ever happen to want to link against installed libraries
in a given directory, LIBDIR, you must either use libtool, and
specify the full pathname of the library, or use the `-LLIBDIR'
flag during linking and do at least one of the following:
   - add LIBDIR to the `LD_LIBRARY_PATH' environment variable
     during execution
   - add LIBDIR to the `LD_RUN_PATH' environment variable
     during linking
   - use the `-Wl,-rpath -Wl,LIBDIR' linker flag
   - have your system administrator add LIBDIR to `/etc/ld.so.conf'

See any operating system documentation about shared libraries for
more information, such as the ld(1) and ld.so(8) manual pages.
----------------------------------------------------------------------
test -z "/usr/local/include" || /bin/mkdir -p "/usr/local/include"
 /usr/bin/install -c -m 644 ctlgeom.h '/usr/local/include'
test -z "/usr/local/share/man/man1" || /bin/mkdir -p "/usr/local/share/man/man1"
 /usr/bin/install -c -m 644 gen-ctl-io.1 '/usr/local/share/man/man1'
test -z "/usr/local/include" || /bin/mkdir -p "/usr/local/include"
 /usr/bin/install -c -m 644 ctlgeom-types.h '/usr/local/include'
make[3]: Leaving directory `/home/dominecf/python-meep-install/libctl-3.2.1/utils'
make[2]: Leaving directory `/home/dominecf/python-meep-install/libctl-3.2.1/utils'
make[1]: Leaving directory `/home/dominecf/python-meep-install/libctl-3.2.1/utils'
Making install in examples
make[1]: Entering directory `/home/dominecf/python-meep-install/libctl-3.2.1/examples'
make  install-am
make[2]: Entering directory `/home/dominecf/python-meep-install/libctl-3.2.1/examples'
make[3]: Entering directory `/home/dominecf/python-meep-install/libctl-3.2.1/examples'
make[3]: Nothing to be done for `install-exec-am'.
make[3]: Nothing to be done for `install-data-am'.
make[3]: Leaving directory `/home/dominecf/python-meep-install/libctl-3.2.1/examples'
make[2]: Leaving directory `/home/dominecf/python-meep-install/libctl-3.2.1/examples'
make[1]: Leaving directory `/home/dominecf/python-meep-install/libctl-3.2.1/examples'
make[1]: Entering directory `/home/dominecf/python-meep-install/libctl-3.2.1'
make[2]: Entering directory `/home/dominecf/python-meep-install/libctl-3.2.1'
make[2]: Nothing to be done for `install-exec-am'.
test -z "/usr/local/share/libctl" || /bin/mkdir -p "/usr/local/share/libctl"
/bin/mkdir -p '/usr/local/share/libctl/utils'
 /usr/bin/install -c -m 644  utils/ctl-io.scm utils/geom.c utils/geom.scm utils/nlopt-constants.scm utils/nlopt.c '/usr/local/share/libctl/utils'
/bin/mkdir -p '/usr/local/share/libctl/base'
 /usr/bin/install -c -m 644  base/class.scm base/ctl.scm base/extern-funcs.scm base/help.scm base/include.scm base/interaction.scm base/io-vars.scm base/math-utils.scm base/matrix3x3.scm base/simplex.scm base/utils.scm base/vector3.scm base/main.c '/usr/local/share/libctl/base'
make[2]: Leaving directory `/home/dominecf/python-meep-install/libctl-3.2.1'
make[1]: Leaving directory `/home/dominecf/python-meep-install/libctl-3.2.1'
TODO: when HDF5 libraries are available for Fedora, include them as above
libtoolize: putting auxiliary files in `.'.
libtoolize: linking file `./ltmain.sh'
libtoolize: putting macros in AC_CONFIG_MACRO_DIR, `m4'.
libtoolize: linking file `m4/libtool.m4'
libtoolize: linking file `m4/ltoptions.m4'
libtoolize: linking file `m4/ltsugar.m4'
libtoolize: linking file `m4/ltversion.m4'
libtoolize: linking file `m4/lt~obsolete.m4'
libtoolize: putting auxiliary files in `.'.
libtoolize: linking file `./ltmain.sh'
libtoolize: putting macros in AC_CONFIG_MACRO_DIR, `m4'.
libtoolize: linking file `m4/libtool.m4'
libtoolize: linking file `m4/ltoptions.m4'
libtoolize: linking file `m4/ltsugar.m4'
libtoolize: linking file `m4/ltversion.m4'
libtoolize: linking file `m4/lt~obsolete.m4'
libtoolize: putting auxiliary files in `.'.
libtoolize: linking file `./ltmain.sh'
libtoolize: putting macros in AC_CONFIG_MACRO_DIR, `m4'.
libtoolize: linking file `m4/libtool.m4'
libtoolize: linking file `m4/ltoptions.m4'
libtoolize: linking file `m4/ltsugar.m4'
libtoolize: linking file `m4/ltversion.m4'
libtoolize: linking file `m4/lt~obsolete.m4'
checking for a BSD-compatible install... /usr/bin/install -c
checking whether build environment is sane... yes
checking for a thread-safe mkdir -p... /bin/mkdir -p
checking for gawk... no
checking for mawk... mawk
checking whether make sets $(MAKE)... yes
checking whether make supports nested variables... yes
checking whether make supports nested variables... (cached) yes
checking whether to enable maintainer-specific portions of Makefiles... yes
checking for g++... g++
checking whether the C++ compiler works... yes
checking for C++ compiler default output file name... a.out
checking for suffix of executables... 
checking whether we are cross compiling... no
checking for suffix of object files... o
checking whether we are using the GNU C++ compiler... yes
checking whether g++ accepts -g... yes
checking for style of include used by make... GNU
checking dependency style of g++... gcc3
checking for mpic++... no
checking for mpiCC... no
checking for mpicxx... no
checking for mpCC... no
checking for hcp... no
checking for mpxlC... no
checking for mpxlC_r... no
checking for cmpic++... no
checking for MPI_Init... no
checking for MPI_Init in -lmpi... no
checking for MPI_Init in -lmpich... no
Reading package lists...
Building dependency tree...
Reading state information...
The following extra packages will be installed:
  fonts-lyx libamd2.3.1 libcamd2.3.1 libccolamd2.8.0 libcholmod2.1.2 libexpat1
  libexpat1-dev libglade2-0 libpython-dev libpython2.7-dev libumfpack5.6.2
  python-dateutil python-decorator python-glade2 python-matplotlib-data
  python-pyparsing python-support python-tk python-tz python2.7-dev
Suggested packages:
  python-gtk2-doc dvipng inkscape ipython python-configobj python-excelerator
  python-matplotlib-doc python-nose python-tornado python-traits
  python-wxgtk2.8 texlive-extra-utils texlive-latex-extra ttf-staypuft
  python-numpy-dbg python-numpy-doc tix python-tk-dbg
The following NEW packages will be installed:
  fonts-lyx libamd2.3.1 libcamd2.3.1 libccolamd2.8.0 libcholmod2.1.2
  libexpat1-dev libglade2-0 libpython-dev libpython2.7-dev libumfpack5.6.2
  python-dateutil python-decorator python-dev python-glade2 python-matplotlib
  python-matplotlib-data python-numpy python-pyparsing python-scipy
  python-support python-tk python-tz python2.7-dev
The following packages will be upgraded:
  libexpat1
1 upgraded, 23 newly installed, 0 to remove and 78 not upgraded.
Need to get 36,7 MB of archives.
After this operation, 93,1 MB of additional disk space will be used.
Get:1 http://cz.archive.ubuntu.com/ubuntu/ trusty-updates/main libexpat1 amd64 2.1.0-4ubuntu1.1 [71,1 kB]
Get:2 http://cz.archive.ubuntu.com/ubuntu/ trusty/main libamd2.3.1 amd64 1:4.2.1-3ubuntu1 [23,5 kB]
Get:3 http://cz.archive.ubuntu.com/ubuntu/ trusty/main libcamd2.3.1 amd64 1:4.2.1-3ubuntu1 [21,9 kB]
Get:4 http://cz.archive.ubuntu.com/ubuntu/ trusty/main libccolamd2.8.0 amd64 1:4.2.1-3ubuntu1 [23,3 kB]
Get:5 http://cz.archive.ubuntu.com/ubuntu/ trusty/main libcholmod2.1.2 amd64 1:4.2.1-3ubuntu1 [281 kB]
Get:6 http://cz.archive.ubuntu.com/ubuntu/ trusty/main libglade2-0 amd64 1:2.6.4-2 [44,6 kB]
Get:7 http://cz.archive.ubuntu.com/ubuntu/ trusty-updates/main libexpat1-dev amd64 2.1.0-4ubuntu1.1 [115 kB]
Get:8 http://cz.archive.ubuntu.com/ubuntu/ trusty-updates/main libpython2.7-dev amd64 2.7.6-8ubuntu0.2 [22,0 MB]
Get:9 http://cz.archive.ubuntu.com/ubuntu/ trusty/main libumfpack5.6.2 amd64 1:4.2.1-3ubuntu1 [214 kB]
Get:10 http://cz.archive.ubuntu.com/ubuntu/ trusty-updates/universe fonts-lyx all 2.0.8.1-0ubuntu1 [151 kB]
Get:11 http://cz.archive.ubuntu.com/ubuntu/ trusty/main libpython-dev amd64 2.7.5-5ubuntu3 [7 078 B]
Get:12 http://cz.archive.ubuntu.com/ubuntu/ trusty/main python-dateutil all 1.5+dfsg-1ubuntu1 [48,9 kB]
Get:13 http://cz.archive.ubuntu.com/ubuntu/ trusty/main python-decorator all 3.4.0-2build1 [19,2 kB]
Get:14 http://cz.archive.ubuntu.com/ubuntu/ trusty-updates/main python2.7-dev amd64 2.7.6-8ubuntu0.2 [269 kB]
Get:15 http://cz.archive.ubuntu.com/ubuntu/ trusty/main python-dev amd64 2.7.5-5ubuntu3 [1 166 B]
Get:16 http://cz.archive.ubuntu.com/ubuntu/ trusty/main python-glade2 amd64 2.24.0-3ubuntu3 [8 744 B]
Get:17 http://cz.archive.ubuntu.com/ubuntu/ trusty/universe python-matplotlib-data all 1.3.1-1ubuntu5 [2 390 kB]
Get:18 http://cz.archive.ubuntu.com/ubuntu/ trusty/main python-pyparsing all 2.0.1+dfsg1-1build1 [34,3 kB]
Get:19 http://cz.archive.ubuntu.com/ubuntu/ trusty/main python-tz all 2012c-1build1 [32,0 kB]
Get:20 http://cz.archive.ubuntu.com/ubuntu/ trusty-updates/main python-numpy amd64 1:1.8.2-0ubuntu0.1 [1 603 kB]
Get:21 http://cz.archive.ubuntu.com/ubuntu/ trusty/universe python-support all 1.0.15 [26,7 kB]
Get:22 http://cz.archive.ubuntu.com/ubuntu/ trusty/universe python-matplotlib amd64 1.3.1-1ubuntu5 [1 421 kB]
Get:23 http://cz.archive.ubuntu.com/ubuntu/ trusty/main python-tk amd64 2.7.5-1ubuntu1 [23,6 kB]
Get:24 http://cz.archive.ubuntu.com/ubuntu/ trusty/universe python-scipy amd64 0.13.3-1build1 [7 862 kB]
Fetched 36,7 MB in 8s (4 081 kB/s)
(Reading database ... 170006 files and directories currently installed.)
Preparing to unpack .../libexpat1_2.1.0-4ubuntu1.1_amd64.deb ...
Unpacking libexpat1:amd64 (2.1.0-4ubuntu1.1) over (2.1.0-4ubuntu1) ...
Selecting previously unselected package libamd2.3.1:amd64.
Preparing to unpack .../libamd2.3.1_1%3a4.2.1-3ubuntu1_amd64.deb ...
Unpacking libamd2.3.1:amd64 (1:4.2.1-3ubuntu1) ...
Selecting previously unselected package libcamd2.3.1:amd64.
Preparing to unpack .../libcamd2.3.1_1%3a4.2.1-3ubuntu1_amd64.deb ...
Unpacking libcamd2.3.1:amd64 (1:4.2.1-3ubuntu1) ...
Selecting previously unselected package libccolamd2.8.0:amd64.
Preparing to unpack .../libccolamd2.8.0_1%3a4.2.1-3ubuntu1_amd64.deb ...
Unpacking libccolamd2.8.0:amd64 (1:4.2.1-3ubuntu1) ...
Selecting previously unselected package libcholmod2.1.2:amd64.
Preparing to unpack .../libcholmod2.1.2_1%3a4.2.1-3ubuntu1_amd64.deb ...
Unpacking libcholmod2.1.2:amd64 (1:4.2.1-3ubuntu1) ...
Selecting previously unselected package libglade2-0:amd64.
Preparing to unpack .../libglade2-0_1%3a2.6.4-2_amd64.deb ...
Unpacking libglade2-0:amd64 (1:2.6.4-2) ...
Selecting previously unselected package libexpat1-dev:amd64.
Preparing to unpack .../libexpat1-dev_2.1.0-4ubuntu1.1_amd64.deb ...
Unpacking libexpat1-dev:amd64 (2.1.0-4ubuntu1.1) ...
Selecting previously unselected package libpython2.7-dev:amd64.
Preparing to unpack .../libpython2.7-dev_2.7.6-8ubuntu0.2_amd64.deb ...
Unpacking libpython2.7-dev:amd64 (2.7.6-8ubuntu0.2) ...
Selecting previously unselected package libumfpack5.6.2:amd64.
Preparing to unpack .../libumfpack5.6.2_1%3a4.2.1-3ubuntu1_amd64.deb ...
Unpacking libumfpack5.6.2:amd64 (1:4.2.1-3ubuntu1) ...
Selecting previously unselected package fonts-lyx.
Preparing to unpack .../fonts-lyx_2.0.8.1-0ubuntu1_all.deb ...
Unpacking fonts-lyx (2.0.8.1-0ubuntu1) ...
Selecting previously unselected package libpython-dev:amd64.
Preparing to unpack .../libpython-dev_2.7.5-5ubuntu3_amd64.deb ...
Unpacking libpython-dev:amd64 (2.7.5-5ubuntu3) ...
Selecting previously unselected package python-dateutil.
Preparing to unpack .../python-dateutil_1.5+dfsg-1ubuntu1_all.deb ...
Unpacking python-dateutil (1.5+dfsg-1ubuntu1) ...
Selecting previously unselected package python-decorator.
Preparing to unpack .../python-decorator_3.4.0-2build1_all.deb ...
Unpacking python-decorator (3.4.0-2build1) ...
Selecting previously unselected package python2.7-dev.
Preparing to unpack .../python2.7-dev_2.7.6-8ubuntu0.2_amd64.deb ...
Unpacking python2.7-dev (2.7.6-8ubuntu0.2) ...
Selecting previously unselected package python-dev.
Preparing to unpack .../python-dev_2.7.5-5ubuntu3_amd64.deb ...
Unpacking python-dev (2.7.5-5ubuntu3) ...
Selecting previously unselected package python-glade2.
Preparing to unpack .../python-glade2_2.24.0-3ubuntu3_amd64.deb ...
Unpacking python-glade2 (2.24.0-3ubuntu3) ...
Selecting previously unselected package python-matplotlib-data.
Preparing to unpack .../python-matplotlib-data_1.3.1-1ubuntu5_all.deb ...
Unpacking python-matplotlib-data (1.3.1-1ubuntu5) ...
Selecting previously unselected package python-pyparsing.
Preparing to unpack .../python-pyparsing_2.0.1+dfsg1-1build1_all.deb ...
Unpacking python-pyparsing (2.0.1+dfsg1-1build1) ...
Selecting previously unselected package python-tz.
Preparing to unpack .../python-tz_2012c-1build1_all.deb ...
Unpacking python-tz (2012c-1build1) ...
Selecting previously unselected package python-numpy.
Preparing to unpack .../python-numpy_1%3a1.8.2-0ubuntu0.1_amd64.deb ...
Unpacking python-numpy (1:1.8.2-0ubuntu0.1) ...
Selecting previously unselected package python-support.
Preparing to unpack .../python-support_1.0.15_all.deb ...
Unpacking python-support (1.0.15) ...
Selecting previously unselected package python-matplotlib.
Preparing to unpack .../python-matplotlib_1.3.1-1ubuntu5_amd64.deb ...
Unpacking python-matplotlib (1.3.1-1ubuntu5) ...
Selecting previously unselected package python-tk.
Preparing to unpack .../python-tk_2.7.5-1ubuntu1_amd64.deb ...
Unpacking python-tk (2.7.5-1ubuntu1) ...
Selecting previously unselected package python-scipy.
Preparing to unpack .../python-scipy_0.13.3-1build1_amd64.deb ...
Unpacking python-scipy (0.13.3-1build1) ...
Processing triggers for doc-base (0.10.5) ...
Processing 1 added doc-base file...
Processing triggers for man-db (2.6.7.1-1ubuntu1) ...
Processing triggers for fontconfig (2.11.0-0ubuntu4.1) ...
Setting up libexpat1:amd64 (2.1.0-4ubuntu1.1) ...
Setting up libamd2.3.1:amd64 (1:4.2.1-3ubuntu1) ...
Setting up libcamd2.3.1:amd64 (1:4.2.1-3ubuntu1) ...
Setting up libccolamd2.8.0:amd64 (1:4.2.1-3ubuntu1) ...
Setting up libcholmod2.1.2:amd64 (1:4.2.1-3ubuntu1) ...
Setting up libglade2-0:amd64 (1:2.6.4-2) ...
Setting up libexpat1-dev:amd64 (2.1.0-4ubuntu1.1) ...
Setting up libpython2.7-dev:amd64 (2.7.6-8ubuntu0.2) ...
Setting up libumfpack5.6.2:amd64 (1:4.2.1-3ubuntu1) ...
Setting up fonts-lyx (2.0.8.1-0ubuntu1) ...
Setting up libpython-dev:amd64 (2.7.5-5ubuntu3) ...
Setting up python-dateutil (1.5+dfsg-1ubuntu1) ...
Setting up python-decorator (3.4.0-2build1) ...
Setting up python2.7-dev (2.7.6-8ubuntu0.2) ...
Setting up python-dev (2.7.5-5ubuntu3) ...
Setting up python-glade2 (2.24.0-3ubuntu3) ...
Setting up python-matplotlib-data (1.3.1-1ubuntu5) ...
Setting up python-pyparsing (2.0.1+dfsg1-1build1) ...
Setting up python-tz (2012c-1build1) ...
Setting up python-numpy (1:1.8.2-0ubuntu0.1) ...
Setting up python-support (1.0.15) ...
Setting up python-matplotlib (1.3.1-1ubuntu5) ...
Setting up python-tk (2.7.5-1ubuntu1) ...
Setting up python-scipy (0.13.3-1build1) ...
Processing triggers for libc-bin (2.19-0ubuntu6.6) ...
Processing triggers for python-support (1.0.15) ...
Directories for SWIG -I option :  ['/usr/local/include']
Directories for -L option :  ['/usr/local/lib']
running clean
Directories for SWIG -I option :  ['/usr/local/include']
Directories for -L option :  ['/usr/local/lib']
running build_ext
building '_meep_mpi' extension
swigging meep_mpi.i to meep_mpi_wrap.cpp
swig -python -c++ -w503,389,302,362,314,509,451 -I/usr/local/include -o meep_mpi_wrap.cpp meep_mpi.i
Directories for SWIG -I option :  ['/usr/local/include']
Directories for -L option :  ['/usr/local/lib']
running install
running build
running build_py
running build_ext
building '_meep_mpi' extension
swigging meep_mpi.i to meep_mpi_wrap.cpp
swig -python -c++ -w503,389,302,362,314,509,451 -I/usr/local/include -o meep_mpi_wrap.cpp meep_mpi.i
Directories for SWIG -I option :  ['/usr/local/include']
Directories for -L option :  ['/usr/local/lib']
running bdist
running bdist_dumb
running build
running build_py
running build_ext
building '_meep_mpi' extension
swigging meep_mpi.i to meep_mpi_wrap.cpp
swig -python -c++ -w503,389,302,362,314,509,451 -I/usr/local/include -o meep_mpi_wrap.cpp meep_mpi.i
